-- Found ament_cmake: 1.2.1 (/opt/ros/rolling/share/ament_cmake/cmake)
-- Found rosidl_default_generators: 1.1.1 (/opt/ros/rolling/share/rosidl_default_generators/cmake)
-- Using all available rosidl_typesupport_c: rosidl_typesupport_fastrtps_c;rosidl_typesupport_introspection_c
-- Found rosidl_adapter: 3.0.1 (/opt/ros/rolling/share/rosidl_adapter/cmake)
-- Using all available rosidl_typesupport_cpp: rosidl_typesupport_fastrtps_cpp;rosidl_typesupport_introspection_cpp
-- Found ament_cmake_ros: 0.10.0 (/opt/ros/rolling/share/ament_cmake_ros/cmake)
-- Using all available rosidl_typesupport_c: rosidl_typesupport_fastrtps_c;rosidl_typesupport_introspection_c
-- Using all available rosidl_typesupport_cpp: rosidl_typesupport_fastrtps_cpp;rosidl_typesupport_introspection_cpp
-- Found PythonInterp: /usr/bin/python3 (found suitable version "3.8.10", minimum required is "3.5") 
-- Found python_cmake_module: 0.8.1 (/opt/ros/rolling/share/python_cmake_module/cmake)
-- Found PythonLibs: /usr/lib/x86_64-linux-gnu/libpython3.8.so (found suitable version "3.8.10", minimum required is "3.5") 
-- Using PYTHON_EXECUTABLE: /usr/bin/python3
-- Using PYTHON_INCLUDE_DIRS: /usr/include/python3.8
-- Using PYTHON_LIBRARIES: /usr/lib/x86_64-linux-gnu/libpython3.8.so
-- Found PythonExtra: .so  
-- Found ament_lint_auto: 0.11.4 (/opt/ros/rolling/share/ament_lint_auto/cmake)
-- Added test 'lint_cmake' to check CMake code style
-- Added test 'xmllint' to check XML markup files
-- Configuring done
-- Generating done
-- Build files have been written to: /home/aashish/Documents/FC/Python-tutorial/OOPS/src/build/fc_custom_interface
[  3%] [34m[1mGenerating C code for ROS interfaces[0m
[35m[1mScanning dependencies of target fc_custom_interface__cpp[0m
[35m[1mScanning dependencies of target ament_cmake_python_copy_fc_custom_interface[0m
[  6%] [34m[1mGenerating C++ code for ROS interfaces[0m
[  6%] Built target ament_cmake_python_copy_fc_custom_interface
[35m[1mScanning dependencies of target ament_cmake_python_build_fc_custom_interface_egg[0m
[  6%] Built target fc_custom_interface__cpp
[  9%] [34m[1mGenerating C++ type support for eProsima Fast-RTPS[0m
[ 12%] [34m[1mGenerating C++ type support dispatch for ROS interfaces[0m
[ 16%] [34m[1mGenerating C++ introspection for ROS interfaces[0m
running egg_info
creating fc_custom_interface.egg-info
writing fc_custom_interface.egg-info/PKG-INFO
writing dependency_links to fc_custom_interface.egg-info/dependency_links.txt
writing top-level names to fc_custom_interface.egg-info/top_level.txt
writing manifest file 'fc_custom_interface.egg-info/SOURCES.txt'
[35m[1mScanning dependencies of target fc_custom_interface__rosidl_generator_c[0m
[ 19%] [32mBuilding C object CMakeFiles/fc_custom_interface__rosidl_generator_c.dir/rosidl_generator_c/fc_custom_interface/msg/detail/custom_message__functions.c.o[0m
reading manifest file 'fc_custom_interface.egg-info/SOURCES.txt'
writing manifest file 'fc_custom_interface.egg-info/SOURCES.txt'
[ 19%] Built target ament_cmake_python_build_fc_custom_interface_egg
[35m[1mScanning dependencies of target fc_custom_interface__rosidl_typesupport_introspection_cpp[0m
[ 22%] [32mBuilding CXX object CMakeFiles/fc_custom_interface__rosidl_typesupport_introspection_cpp.dir/rosidl_typesupport_introspection_cpp/fc_custom_interface/msg/detail/custom_message__type_support.cpp.o[0m
[35m[1mScanning dependencies of target fc_custom_interface__rosidl_typesupport_cpp[0m
[ 25%] [32mBuilding CXX object CMakeFiles/fc_custom_interface__rosidl_typesupport_cpp.dir/rosidl_typesupport_cpp/fc_custom_interface/msg/custom_message__type_support.cpp.o[0m
[35m[1mScanning dependencies of target fc_custom_interface__rosidl_typesupport_fastrtps_cpp[0m
[ 29%] [32mBuilding CXX object CMakeFiles/fc_custom_interface__rosidl_typesupport_fastrtps_cpp.dir/rosidl_typesupport_fastrtps_cpp/fc_custom_interface/msg/detail/dds_fastrtps/custom_message__type_support.cpp.o[0m
