-- Found ament_cmake: 1.2.1 (/opt/ros/rolling/share/ament_cmake/cmake)
-- Found rosidl_default_generators: 1.1.1 (/opt/ros/rolling/share/rosidl_default_generators/cmake)
-- Using all available rosidl_typesupport_c: rosidl_typesupport_fastrtps_c;rosidl_typesupport_introspection_c
-- Found rosidl_adapter: 3.0.1 (/opt/ros/rolling/share/rosidl_adapter/cmake)
-- Using all available rosidl_typesupport_cpp: rosidl_typesupport_fastrtps_cpp;rosidl_typesupport_introspection_cpp
-- Found ament_cmake_ros: 0.10.0 (/opt/ros/rolling/share/ament_cmake_ros/cmake)
-- Using all available rosidl_typesupport_c: rosidl_typesupport_fastrtps_c;rosidl_typesupport_introspection_c
-- Using all available rosidl_typesupport_cpp: rosidl_typesupport_fastrtps_cpp;rosidl_typesupport_introspection_cpp
-- Found PythonInterp: /usr/bin/python3 (found suitable version "3.8.10", minimum required is "3.5") 
-- Found python_cmake_module: 0.8.1 (/opt/ros/rolling/share/python_cmake_module/cmake)
-- Found PythonLibs: /usr/lib/x86_64-linux-gnu/libpython3.8.so (found suitable version "3.8.10", minimum required is "3.5") 
-- Using PYTHON_EXECUTABLE: /usr/bin/python3
-- Using PYTHON_INCLUDE_DIRS: /usr/include/python3.8
-- Using PYTHON_LIBRARIES: /usr/lib/x86_64-linux-gnu/libpython3.8.so
-- Found PythonExtra: .so  
-- Found ament_lint_auto: 0.11.4 (/opt/ros/rolling/share/ament_lint_auto/cmake)
-- Added test 'lint_cmake' to check CMake code style
-- Added test 'xmllint' to check XML markup files
-- Configuring done
-- Generating done
-- Build files have been written to: /home/aashish/Documents/FC/Python-tutorial/OOPS/src/build/fc_custom_interface
[  3%] [34m[1mGenerating C code for ROS interfaces[0m
[35m[1mScanning dependencies of target fc_custom_interface__cpp[0m
[35m[1mScanning dependencies of target ament_cmake_python_copy_fc_custom_interface[0m
[  6%] [34m[1mGenerating C++ code for ROS interfaces[0m
[  6%] Built target ament_cmake_python_copy_fc_custom_interface
[35m[1mScanning dependencies of target ament_cmake_python_build_fc_custom_interface_egg[0m
[  6%] Built target fc_custom_interface__cpp
[  9%] [34m[1mGenerating C++ type support for eProsima Fast-RTPS[0m
[ 12%] [34m[1mGenerating C++ type support dispatch for ROS interfaces[0m
[ 16%] [34m[1mGenerating C++ introspection for ROS interfaces[0m
running egg_info
creating fc_custom_interface.egg-info
writing fc_custom_interface.egg-info/PKG-INFO
writing dependency_links to fc_custom_interface.egg-info/dependency_links.txt
writing top-level names to fc_custom_interface.egg-info/top_level.txt
writing manifest file 'fc_custom_interface.egg-info/SOURCES.txt'
[35m[1mScanning dependencies of target fc_custom_interface__rosidl_generator_c[0m
[ 19%] [32mBuilding C object CMakeFiles/fc_custom_interface__rosidl_generator_c.dir/rosidl_generator_c/fc_custom_interface/msg/detail/custom_message__functions.c.o[0m
reading manifest file 'fc_custom_interface.egg-info/SOURCES.txt'
In file included from [01m[K/home/aashish/Documents/FC/Python-tutorial/OOPS/src/build/fc_custom_interface/rosidl_generator_c/fc_custom_interface/msg/detail/custom_message__functions.h:19[m[K,
                 from [01m[K/home/aashish/Documents/FC/Python-tutorial/OOPS/src/build/fc_custom_interface/rosidl_generator_c/fc_custom_interface/msg/detail/custom_message__functions.c:4[m[K:
[01m[K/home/aashish/Documents/FC/Python-tutorial/OOPS/src/build/fc_custom_interface/rosidl_generator_c/fc_custom_interface/msg/detail/custom_message__struct.h:22:10:[m[K [01;31m[Kfatal error: [m[Kfc_custom_interface/msg/detail/string__struct.h: No such file or directory
   22 | #include [01;31m[K"fc_custom_interface/msg/detail/string__struct.h"[m[K
      |          [01;31m[K^~~~~~~~~~~~~~~~~~~~~~~~~~~~~~~~~~~~~~~~~~~~~~~~~[m[K
compilation terminated.
writing manifest file 'fc_custom_interface.egg-info/SOURCES.txt'
make[2]: *** [CMakeFiles/fc_custom_interface__rosidl_generator_c.dir/build.make:92: CMakeFiles/fc_custom_interface__rosidl_generator_c.dir/rosidl_generator_c/fc_custom_interface/msg/detail/custom_message__functions.c.o] Error 1
make[1]: *** [CMakeFiles/Makefile2:322: CMakeFiles/fc_custom_interface__rosidl_generator_c.dir/all] Error 2
make[1]: *** Waiting for unfinished jobs....
[ 19%] Built target ament_cmake_python_build_fc_custom_interface_egg
[35m[1mScanning dependencies of target fc_custom_interface__rosidl_typesupport_introspection_cpp[0m
[ 22%] [32mBuilding CXX object CMakeFiles/fc_custom_interface__rosidl_typesupport_introspection_cpp.dir/rosidl_typesupport_introspection_cpp/fc_custom_interface/msg/detail/custom_message__type_support.cpp.o[0m
[35m[1mScanning dependencies of target fc_custom_interface__rosidl_typesupport_cpp[0m
[ 25%] [32mBuilding CXX object CMakeFiles/fc_custom_interface__rosidl_typesupport_cpp.dir/rosidl_typesupport_cpp/fc_custom_interface/msg/custom_message__type_support.cpp.o[0m
[35m[1mScanning dependencies of target fc_custom_interface__rosidl_typesupport_fastrtps_cpp[0m
In file included from [01m[K/home/aashish/Documents/FC/Python-tutorial/OOPS/src/build/fc_custom_interface/rosidl_typesupport_introspection_cpp/fc_custom_interface/msg/detail/custom_message__type_support.cpp:12[m[K:
[01m[K/home/aashish/Documents/FC/Python-tutorial/OOPS/src/build/fc_custom_interface/rosidl_generator_cpp/fc_custom_interface/msg/detail/custom_message__struct.hpp:20:10:[m[K [01;31m[Kfatal error: [m[Kfc_custom_interface/msg/detail/string__struct.hpp: No such file or directory
   20 | #include [01;31m[K"fc_custom_interface/msg/detail/string__struct.hpp"[m[K
      |          [01;31m[K^~~~~~~~~~~~~~~~~~~~~~~~~~~~~~~~~~~~~~~~~~~~~~~~~~~[m[K
compilation terminated.
make[2]: *** [CMakeFiles/fc_custom_interface__rosidl_typesupport_introspection_cpp.dir/build.make:78: CMakeFiles/fc_custom_interface__rosidl_typesupport_introspection_cpp.dir/rosidl_typesupport_introspection_cpp/fc_custom_interface/msg/detail/custom_message__type_support.cpp.o] Error 1
make[1]: *** [CMakeFiles/Makefile2:466: CMakeFiles/fc_custom_interface__rosidl_typesupport_introspection_cpp.dir/all] Error 2
[ 29%] [32mBuilding CXX object CMakeFiles/fc_custom_interface__rosidl_typesupport_fastrtps_cpp.dir/rosidl_typesupport_fastrtps_cpp/fc_custom_interface/msg/detail/dds_fastrtps/custom_message__type_support.cpp.o[0m
In file included from [01m[K/home/aashish/Documents/FC/Python-tutorial/OOPS/src/build/fc_custom_interface/rosidl_typesupport_cpp/fc_custom_interface/msg/custom_message__type_support.cpp:7[m[K:
[01m[K/home/aashish/Documents/FC/Python-tutorial/OOPS/src/build/fc_custom_interface/rosidl_generator_cpp/fc_custom_interface/msg/detail/custom_message__struct.hpp:20:10:[m[K [01;31m[Kfatal error: [m[Kfc_custom_interface/msg/detail/string__struct.hpp: No such file or directory
   20 | #include [01;31m[K"fc_custom_interface/msg/detail/string__struct.hpp"[m[K
      |          [01;31m[K^~~~~~~~~~~~~~~~~~~~~~~~~~~~~~~~~~~~~~~~~~~~~~~~~~~[m[K
compilation terminated.
make[2]: *** [CMakeFiles/fc_custom_interface__rosidl_typesupport_cpp.dir/build.make:73: CMakeFiles/fc_custom_interface__rosidl_typesupport_cpp.dir/rosidl_typesupport_cpp/fc_custom_interface/msg/custom_message__type_support.cpp.o] Error 1
make[1]: *** [CMakeFiles/Makefile2:439: CMakeFiles/fc_custom_interface__rosidl_typesupport_cpp.dir/all] Error 2
In file included from [01m[K/home/aashish/Documents/FC/Python-tutorial/OOPS/src/build/fc_custom_interface/rosidl_typesupport_fastrtps_cpp/fc_custom_interface/msg/detail/custom_message__rosidl_typesupport_fastrtps_cpp.hpp:11[m[K,
                 from [01m[K/home/aashish/Documents/FC/Python-tutorial/OOPS/src/build/fc_custom_interface/rosidl_typesupport_fastrtps_cpp/fc_custom_interface/msg/detail/dds_fastrtps/custom_message__type_support.cpp:4[m[K:
[01m[K/home/aashish/Documents/FC/Python-tutorial/OOPS/src/build/fc_custom_interface/rosidl_generator_cpp/fc_custom_interface/msg/detail/custom_message__struct.hpp:20:10:[m[K [01;31m[Kfatal error: [m[Kfc_custom_interface/msg/detail/string__struct.hpp: No such file or directory
   20 | #include [01;31m[K"fc_custom_interface/msg/detail/string__struct.hpp"[m[K
      |          [01;31m[K^~~~~~~~~~~~~~~~~~~~~~~~~~~~~~~~~~~~~~~~~~~~~~~~~~~[m[K
compilation terminated.
make[2]: *** [CMakeFiles/fc_custom_interface__rosidl_typesupport_fastrtps_cpp.dir/build.make:78: CMakeFiles/fc_custom_interface__rosidl_typesupport_fastrtps_cpp.dir/rosidl_typesupport_fastrtps_cpp/fc_custom_interface/msg/detail/dds_fastrtps/custom_message__type_support.cpp.o] Error 1
make[1]: *** [CMakeFiles/Makefile2:268: CMakeFiles/fc_custom_interface__rosidl_typesupport_fastrtps_cpp.dir/all] Error 2
make: *** [Makefile:141: all] Error 2
