[0.014s] Invoking command in '/home/aashish/Documents/FC/Python-tutorial/OOPS/src/build/fc_custom_interface': CMAKE_PREFIX_PATH=/opt/ros/rolling /usr/bin/cmake /home/aashish/Documents/FC/Python-tutorial/OOPS/src/fc_custom_interface -DCMAKE_INSTALL_PREFIX=/home/aashish/Documents/FC/Python-tutorial/OOPS/src/install/fc_custom_interface
[0.026s] -- Found ament_cmake: 1.2.1 (/opt/ros/rolling/share/ament_cmake/cmake)
[0.176s] -- Found rosidl_default_generators: 1.1.1 (/opt/ros/rolling/share/rosidl_default_generators/cmake)
[0.177s] -- Using all available rosidl_typesupport_c: rosidl_typesupport_fastrtps_c;rosidl_typesupport_introspection_c
[0.179s] -- Found rosidl_adapter: 3.0.1 (/opt/ros/rolling/share/rosidl_adapter/cmake)
[0.215s] -- Using all available rosidl_typesupport_cpp: rosidl_typesupport_fastrtps_cpp;rosidl_typesupport_introspection_cpp
[0.471s] -- Found ament_cmake_ros: 0.10.0 (/opt/ros/rolling/share/ament_cmake_ros/cmake)
[0.769s] -- Using all available rosidl_typesupport_c: rosidl_typesupport_fastrtps_c;rosidl_typesupport_introspection_c
[0.971s] -- Using all available rosidl_typesupport_cpp: rosidl_typesupport_fastrtps_cpp;rosidl_typesupport_introspection_cpp
[0.988s] -- Found PythonInterp: /usr/bin/python3 (found suitable version "3.8.10", minimum required is "3.5") 
[0.990s] -- Found python_cmake_module: 0.8.1 (/opt/ros/rolling/share/python_cmake_module/cmake)
[1.010s] -- Found PythonLibs: /usr/lib/x86_64-linux-gnu/libpython3.8.so (found suitable version "3.8.10", minimum required is "3.5") 
[1.011s] -- Using PYTHON_EXECUTABLE: /usr/bin/python3
[1.011s] -- Using PYTHON_INCLUDE_DIRS: /usr/include/python3.8
[1.011s] -- Using PYTHON_LIBRARIES: /usr/lib/x86_64-linux-gnu/libpython3.8.so
[1.029s] -- Found PythonExtra: .so  
[1.054s] -- Found ament_lint_auto: 0.11.4 (/opt/ros/rolling/share/ament_lint_auto/cmake)
[1.070s] -- Added test 'lint_cmake' to check CMake code style
[1.071s] -- Added test 'xmllint' to check XML markup files
[1.074s] -- Configuring done
[1.094s] -- Generating done
[1.096s] -- Build files have been written to: /home/aashish/Documents/FC/Python-tutorial/OOPS/src/build/fc_custom_interface
[1.103s] Invoked command in '/home/aashish/Documents/FC/Python-tutorial/OOPS/src/build/fc_custom_interface' returned '0': CMAKE_PREFIX_PATH=/opt/ros/rolling /usr/bin/cmake /home/aashish/Documents/FC/Python-tutorial/OOPS/src/fc_custom_interface -DCMAKE_INSTALL_PREFIX=/home/aashish/Documents/FC/Python-tutorial/OOPS/src/install/fc_custom_interface
[1.105s] Invoking command in '/home/aashish/Documents/FC/Python-tutorial/OOPS/src/build/fc_custom_interface': CMAKE_PREFIX_PATH=/opt/ros/rolling /usr/bin/cmake --build /home/aashish/Documents/FC/Python-tutorial/OOPS/src/build/fc_custom_interface -- -j12 -l12
[1.140s] [  3%] [34m[1mGenerating C code for ROS interfaces[0m
[1.140s] [35m[1mScanning dependencies of target fc_custom_interface__cpp[0m
[1.142s] [35m[1mScanning dependencies of target ament_cmake_python_copy_fc_custom_interface[0m
[1.150s] [  6%] [34m[1mGenerating C++ code for ROS interfaces[0m
[1.161s] [  6%] Built target ament_cmake_python_copy_fc_custom_interface
[1.170s] [35m[1mScanning dependencies of target ament_cmake_python_build_fc_custom_interface_egg[0m
[1.397s] [  6%] Built target fc_custom_interface__cpp
[1.409s] [  9%] [34m[1mGenerating C++ type support for eProsima Fast-RTPS[0m
[1.411s] [ 12%] [34m[1mGenerating C++ type support dispatch for ROS interfaces[0m
[1.412s] [ 16%] [34m[1mGenerating C++ introspection for ROS interfaces[0m
[1.422s] running egg_info
[1.423s] creating fc_custom_interface.egg-info
[1.424s] writing fc_custom_interface.egg-info/PKG-INFO
[1.424s] writing dependency_links to fc_custom_interface.egg-info/dependency_links.txt
[1.425s] writing top-level names to fc_custom_interface.egg-info/top_level.txt
[1.429s] writing manifest file 'fc_custom_interface.egg-info/SOURCES.txt'
[1.457s] [35m[1mScanning dependencies of target fc_custom_interface__rosidl_generator_c[0m
[1.473s] [ 19%] [32mBuilding C object CMakeFiles/fc_custom_interface__rosidl_generator_c.dir/rosidl_generator_c/fc_custom_interface/msg/detail/custom_message__functions.c.o[0m
[1.496s] reading manifest file 'fc_custom_interface.egg-info/SOURCES.txt'
[1.496s] In file included from [01m[K/home/aashish/Documents/FC/Python-tutorial/OOPS/src/build/fc_custom_interface/rosidl_generator_c/fc_custom_interface/msg/detail/custom_message__functions.h:19[m[K,
[1.496s]                  from [01m[K/home/aashish/Documents/FC/Python-tutorial/OOPS/src/build/fc_custom_interface/rosidl_generator_c/fc_custom_interface/msg/detail/custom_message__functions.c:4[m[K:
[1.496s] [01m[K/home/aashish/Documents/FC/Python-tutorial/OOPS/src/build/fc_custom_interface/rosidl_generator_c/fc_custom_interface/msg/detail/custom_message__struct.h:22:10:[m[K [01;31m[Kfatal error: [m[Kfc_custom_interface/msg/detail/string__struct.h: No such file or directory
[1.496s]    22 | #include [01;31m[K"fc_custom_interface/msg/detail/string__struct.h"[m[K
[1.497s]       |          [01;31m[K^~~~~~~~~~~~~~~~~~~~~~~~~~~~~~~~~~~~~~~~~~~~~~~~~[m[K
[1.497s] compilation terminated.
[1.497s] writing manifest file 'fc_custom_interface.egg-info/SOURCES.txt'
[1.497s] make[2]: *** [CMakeFiles/fc_custom_interface__rosidl_generator_c.dir/build.make:92: CMakeFiles/fc_custom_interface__rosidl_generator_c.dir/rosidl_generator_c/fc_custom_interface/msg/detail/custom_message__functions.c.o] Error 1
[1.498s] make[1]: *** [CMakeFiles/Makefile2:322: CMakeFiles/fc_custom_interface__rosidl_generator_c.dir/all] Error 2
[1.498s] make[1]: *** Waiting for unfinished jobs....
[1.539s] [ 19%] Built target ament_cmake_python_build_fc_custom_interface_egg
[1.668s] [35m[1mScanning dependencies of target fc_custom_interface__rosidl_typesupport_introspection_cpp[0m
[1.681s] [ 22%] [32mBuilding CXX object CMakeFiles/fc_custom_interface__rosidl_typesupport_introspection_cpp.dir/rosidl_typesupport_introspection_cpp/fc_custom_interface/msg/detail/custom_message__type_support.cpp.o[0m
[1.716s] [35m[1mScanning dependencies of target fc_custom_interface__rosidl_typesupport_cpp[0m
[1.734s] [ 25%] [32mBuilding CXX object CMakeFiles/fc_custom_interface__rosidl_typesupport_cpp.dir/rosidl_typesupport_cpp/fc_custom_interface/msg/custom_message__type_support.cpp.o[0m
[1.759s] [35m[1mScanning dependencies of target fc_custom_interface__rosidl_typesupport_fastrtps_cpp[0m
[1.769s] In file included from [01m[K/home/aashish/Documents/FC/Python-tutorial/OOPS/src/build/fc_custom_interface/rosidl_typesupport_introspection_cpp/fc_custom_interface/msg/detail/custom_message__type_support.cpp:12[m[K:
[1.769s] [01m[K/home/aashish/Documents/FC/Python-tutorial/OOPS/src/build/fc_custom_interface/rosidl_generator_cpp/fc_custom_interface/msg/detail/custom_message__struct.hpp:20:10:[m[K [01;31m[Kfatal error: [m[Kfc_custom_interface/msg/detail/string__struct.hpp: No such file or directory
[1.769s]    20 | #include [01;31m[K"fc_custom_interface/msg/detail/string__struct.hpp"[m[K
[1.769s]       |          [01;31m[K^~~~~~~~~~~~~~~~~~~~~~~~~~~~~~~~~~~~~~~~~~~~~~~~~~~[m[K
[1.769s] compilation terminated.
[1.771s] make[2]: *** [CMakeFiles/fc_custom_interface__rosidl_typesupport_introspection_cpp.dir/build.make:78: CMakeFiles/fc_custom_interface__rosidl_typesupport_introspection_cpp.dir/rosidl_typesupport_introspection_cpp/fc_custom_interface/msg/detail/custom_message__type_support.cpp.o] Error 1
[1.771s] make[1]: *** [CMakeFiles/Makefile2:466: CMakeFiles/fc_custom_interface__rosidl_typesupport_introspection_cpp.dir/all] Error 2
[1.778s] [ 29%] [32mBuilding CXX object CMakeFiles/fc_custom_interface__rosidl_typesupport_fastrtps_cpp.dir/rosidl_typesupport_fastrtps_cpp/fc_custom_interface/msg/detail/dds_fastrtps/custom_message__type_support.cpp.o[0m
[1.782s] In file included from [01m[K/home/aashish/Documents/FC/Python-tutorial/OOPS/src/build/fc_custom_interface/rosidl_typesupport_cpp/fc_custom_interface/msg/custom_message__type_support.cpp:7[m[K:
[1.782s] [01m[K/home/aashish/Documents/FC/Python-tutorial/OOPS/src/build/fc_custom_interface/rosidl_generator_cpp/fc_custom_interface/msg/detail/custom_message__struct.hpp:20:10:[m[K [01;31m[Kfatal error: [m[Kfc_custom_interface/msg/detail/string__struct.hpp: No such file or directory
[1.782s]    20 | #include [01;31m[K"fc_custom_interface/msg/detail/string__struct.hpp"[m[K
[1.783s]       |          [01;31m[K^~~~~~~~~~~~~~~~~~~~~~~~~~~~~~~~~~~~~~~~~~~~~~~~~~~[m[K
[1.783s] compilation terminated.
[1.784s] make[2]: *** [CMakeFiles/fc_custom_interface__rosidl_typesupport_cpp.dir/build.make:73: CMakeFiles/fc_custom_interface__rosidl_typesupport_cpp.dir/rosidl_typesupport_cpp/fc_custom_interface/msg/custom_message__type_support.cpp.o] Error 1
[1.784s] make[1]: *** [CMakeFiles/Makefile2:439: CMakeFiles/fc_custom_interface__rosidl_typesupport_cpp.dir/all] Error 2
[1.844s] In file included from [01m[K/home/aashish/Documents/FC/Python-tutorial/OOPS/src/build/fc_custom_interface/rosidl_typesupport_fastrtps_cpp/fc_custom_interface/msg/detail/custom_message__rosidl_typesupport_fastrtps_cpp.hpp:11[m[K,
[1.845s]                  from [01m[K/home/aashish/Documents/FC/Python-tutorial/OOPS/src/build/fc_custom_interface/rosidl_typesupport_fastrtps_cpp/fc_custom_interface/msg/detail/dds_fastrtps/custom_message__type_support.cpp:4[m[K:
[1.845s] [01m[K/home/aashish/Documents/FC/Python-tutorial/OOPS/src/build/fc_custom_interface/rosidl_generator_cpp/fc_custom_interface/msg/detail/custom_message__struct.hpp:20:10:[m[K [01;31m[Kfatal error: [m[Kfc_custom_interface/msg/detail/string__struct.hpp: No such file or directory
[1.845s]    20 | #include [01;31m[K"fc_custom_interface/msg/detail/string__struct.hpp"[m[K
[1.845s]       |          [01;31m[K^~~~~~~~~~~~~~~~~~~~~~~~~~~~~~~~~~~~~~~~~~~~~~~~~~~[m[K
[1.845s] compilation terminated.
[1.847s] make[2]: *** [CMakeFiles/fc_custom_interface__rosidl_typesupport_fastrtps_cpp.dir/build.make:78: CMakeFiles/fc_custom_interface__rosidl_typesupport_fastrtps_cpp.dir/rosidl_typesupport_fastrtps_cpp/fc_custom_interface/msg/detail/dds_fastrtps/custom_message__type_support.cpp.o] Error 1
[1.847s] make[1]: *** [CMakeFiles/Makefile2:268: CMakeFiles/fc_custom_interface__rosidl_typesupport_fastrtps_cpp.dir/all] Error 2
[1.847s] make: *** [Makefile:141: all] Error 2
[1.852s] Invoked command in '/home/aashish/Documents/FC/Python-tutorial/OOPS/src/build/fc_custom_interface' returned '2': CMAKE_PREFIX_PATH=/opt/ros/rolling /usr/bin/cmake --build /home/aashish/Documents/FC/Python-tutorial/OOPS/src/build/fc_custom_interface -- -j12 -l12
