[0.088s] DEBUG:colcon:Command line arguments: ['/usr/bin/colcon', 'build', '--packages-select', 'fc_custom_interface']
[0.088s] DEBUG:colcon:Parsed command line arguments: Namespace(allow_overriding=[], ament_cmake_args=None, base_paths=['.'], build_base='build', catkin_cmake_args=None, catkin_skip_building_tests=False, cmake_args=None, cmake_clean_cache=False, cmake_clean_first=False, cmake_force_configure=False, cmake_target=None, cmake_target_skip_unavailable=False, continue_on_error=False, event_handlers=None, executor='parallel', ignore_user_meta=False, install_base='install', log_base=None, log_level=None, main=<bound method BuildVerb.main of <colcon_core.verb.build.BuildVerb object at 0x7f44e8931910>>, merge_install=False, metas=['./colcon.meta'], packages_above=None, packages_above_and_dependencies=None, packages_above_depth=None, packages_end=None, packages_ignore=None, packages_ignore_regex=None, packages_select=['fc_custom_interface'], packages_select_build_failed=False, packages_select_by_dep=None, packages_select_regex=None, packages_select_test_failures=False, packages_skip=None, packages_skip_build_finished=False, packages_skip_by_dep=None, packages_skip_regex=None, packages_skip_test_passed=False, packages_skip_up_to=None, packages_start=None, packages_up_to=None, packages_up_to_regex=None, parallel_workers=12, paths=None, symlink_install=False, test_result_base=None, verb_extension=<colcon_core.verb.build.BuildVerb object at 0x7f44e8931910>, verb_name='build', verb_parser=<colcon_defaults.argument_parser.defaults.DefaultArgumentsDecorator object at 0x7f44e8931e80>)
[0.108s] Level 1:colcon.colcon_core.package_discovery:discover_packages(colcon_meta) check parameters
[0.108s] Level 1:colcon.colcon_core.package_discovery:discover_packages(recursive) check parameters
[0.108s] Level 1:colcon.colcon_core.package_discovery:discover_packages(ignore) check parameters
[0.108s] Level 1:colcon.colcon_core.package_discovery:discover_packages(path) check parameters
[0.108s] Level 1:colcon.colcon_core.package_discovery:discover_packages(colcon_meta) discover
[0.108s] Level 1:colcon.colcon_core.package_discovery:discover_packages(recursive) discover
[0.108s] INFO:colcon.colcon_core.package_discovery:Crawling recursively for packages in '/home/aashish/Documents/FC/Python-tutorial/OOPS/src'
[0.109s] Level 1:colcon.colcon_core.package_identification:_identify(.) by extensions ['ignore', 'ignore_ament_install']
[0.109s] Level 1:colcon.colcon_core.package_identification:_identify(.) by extension 'ignore'
[0.109s] Level 1:colcon.colcon_core.package_identification:_identify(.) by extension 'ignore_ament_install'
[0.109s] Level 1:colcon.colcon_core.package_identification:_identify(.) by extensions ['colcon_pkg']
[0.109s] Level 1:colcon.colcon_core.package_identification:_identify(.) by extension 'colcon_pkg'
[0.109s] Level 1:colcon.colcon_core.package_identification:_identify(.) by extensions ['colcon_meta']
[0.109s] Level 1:colcon.colcon_core.package_identification:_identify(.) by extension 'colcon_meta'
[0.109s] Level 1:colcon.colcon_core.package_identification:_identify(.) by extensions ['ros']
[0.109s] Level 1:colcon.colcon_core.package_identification:_identify(.) by extension 'ros'
[0.127s] Level 1:colcon.colcon_core.package_identification:_identify(.) by extensions ['cmake', 'python']
[0.128s] Level 1:colcon.colcon_core.package_identification:_identify(.) by extension 'cmake'
[0.128s] Level 1:colcon.colcon_core.package_identification:_identify(.) by extension 'python'
[0.128s] Level 1:colcon.colcon_core.package_identification:_identify(.) by extensions ['python_setup_py']
[0.128s] Level 1:colcon.colcon_core.package_identification:_identify(.) by extension 'python_setup_py'
[0.128s] Level 1:colcon.colcon_core.package_identification:_identify(build) by extensions ['ignore', 'ignore_ament_install']
[0.128s] Level 1:colcon.colcon_core.package_identification:_identify(build) by extension 'ignore'
[0.128s] Level 1:colcon.colcon_core.package_identification:_identify(build) ignored
[0.128s] Level 1:colcon.colcon_core.package_identification:_identify(calculator) by extensions ['ignore', 'ignore_ament_install']
[0.128s] Level 1:colcon.colcon_core.package_identification:_identify(calculator) by extension 'ignore'
[0.128s] Level 1:colcon.colcon_core.package_identification:_identify(calculator) by extension 'ignore_ament_install'
[0.128s] Level 1:colcon.colcon_core.package_identification:_identify(calculator) by extensions ['colcon_pkg']
[0.128s] Level 1:colcon.colcon_core.package_identification:_identify(calculator) by extension 'colcon_pkg'
[0.128s] Level 1:colcon.colcon_core.package_identification:_identify(calculator) by extensions ['colcon_meta']
[0.128s] Level 1:colcon.colcon_core.package_identification:_identify(calculator) by extension 'colcon_meta'
[0.128s] Level 1:colcon.colcon_core.package_identification:_identify(calculator) by extensions ['ros']
[0.128s] Level 1:colcon.colcon_core.package_identification:_identify(calculator) by extension 'ros'
[0.128s] Level 1:colcon.colcon_core.package_identification:_identify(calculator) by extensions ['cmake', 'python']
[0.128s] Level 1:colcon.colcon_core.package_identification:_identify(calculator) by extension 'cmake'
[0.128s] Level 1:colcon.colcon_core.package_identification:_identify(calculator) by extension 'python'
[0.128s] Level 1:colcon.colcon_core.package_identification:_identify(calculator) by extensions ['python_setup_py']
[0.128s] Level 1:colcon.colcon_core.package_identification:_identify(calculator) by extension 'python_setup_py'
[0.128s] Level 1:colcon.colcon_core.package_identification:_identify(fc_custom_interface) by extensions ['ignore', 'ignore_ament_install']
[0.128s] Level 1:colcon.colcon_core.package_identification:_identify(fc_custom_interface) by extension 'ignore'
[0.129s] Level 1:colcon.colcon_core.package_identification:_identify(fc_custom_interface) by extension 'ignore_ament_install'
[0.129s] Level 1:colcon.colcon_core.package_identification:_identify(fc_custom_interface) by extensions ['colcon_pkg']
[0.129s] Level 1:colcon.colcon_core.package_identification:_identify(fc_custom_interface) by extension 'colcon_pkg'
[0.129s] Level 1:colcon.colcon_core.package_identification:_identify(fc_custom_interface) by extensions ['colcon_meta']
[0.129s] Level 1:colcon.colcon_core.package_identification:_identify(fc_custom_interface) by extension 'colcon_meta'
[0.129s] Level 1:colcon.colcon_core.package_identification:_identify(fc_custom_interface) by extensions ['ros']
[0.129s] Level 1:colcon.colcon_core.package_identification:_identify(fc_custom_interface) by extension 'ros'
[0.130s] DEBUG:colcon.colcon_core.package_identification:Package 'fc_custom_interface' with type 'ros.ament_cmake' and name 'fc_custom_interface'
[0.130s] Level 1:colcon.colcon_core.package_identification:_identify(install) by extensions ['ignore', 'ignore_ament_install']
[0.130s] Level 1:colcon.colcon_core.package_identification:_identify(install) by extension 'ignore'
[0.130s] Level 1:colcon.colcon_core.package_identification:_identify(install) ignored
[0.130s] Level 1:colcon.colcon_core.package_identification:_identify(log) by extensions ['ignore', 'ignore_ament_install']
[0.131s] Level 1:colcon.colcon_core.package_identification:_identify(log) by extension 'ignore'
[0.131s] Level 1:colcon.colcon_core.package_identification:_identify(log) ignored
[0.131s] Level 1:colcon.colcon_core.package_identification:_identify(oops) by extensions ['ignore', 'ignore_ament_install']
[0.131s] Level 1:colcon.colcon_core.package_identification:_identify(oops) by extension 'ignore'
[0.131s] Level 1:colcon.colcon_core.package_identification:_identify(oops) by extension 'ignore_ament_install'
[0.131s] Level 1:colcon.colcon_core.package_identification:_identify(oops) by extensions ['colcon_pkg']
[0.131s] Level 1:colcon.colcon_core.package_identification:_identify(oops) by extension 'colcon_pkg'
[0.131s] Level 1:colcon.colcon_core.package_identification:_identify(oops) by extensions ['colcon_meta']
[0.131s] Level 1:colcon.colcon_core.package_identification:_identify(oops) by extension 'colcon_meta'
[0.131s] Level 1:colcon.colcon_core.package_identification:_identify(oops) by extensions ['ros']
[0.131s] Level 1:colcon.colcon_core.package_identification:_identify(oops) by extension 'ros'
[0.131s] Level 1:colcon.colcon_core.package_identification:_identify(oops) by extensions ['cmake', 'python']
[0.131s] Level 1:colcon.colcon_core.package_identification:_identify(oops) by extension 'cmake'
[0.131s] Level 1:colcon.colcon_core.package_identification:_identify(oops) by extension 'python'
[0.131s] Level 1:colcon.colcon_core.package_identification:_identify(oops) by extensions ['python_setup_py']
[0.131s] Level 1:colcon.colcon_core.package_identification:_identify(oops) by extension 'python_setup_py'
[0.131s] Level 1:colcon.colcon_core.package_identification:_identify(python_pubsub) by extensions ['ignore', 'ignore_ament_install']
[0.131s] Level 1:colcon.colcon_core.package_identification:_identify(python_pubsub) by extension 'ignore'
[0.131s] Level 1:colcon.colcon_core.package_identification:_identify(python_pubsub) by extension 'ignore_ament_install'
[0.131s] Level 1:colcon.colcon_core.package_identification:_identify(python_pubsub) by extensions ['colcon_pkg']
[0.131s] Level 1:colcon.colcon_core.package_identification:_identify(python_pubsub) by extension 'colcon_pkg'
[0.131s] Level 1:colcon.colcon_core.package_identification:_identify(python_pubsub) by extensions ['colcon_meta']
[0.131s] Level 1:colcon.colcon_core.package_identification:_identify(python_pubsub) by extension 'colcon_meta'
[0.131s] Level 1:colcon.colcon_core.package_identification:_identify(python_pubsub) by extensions ['ros']
[0.131s] Level 1:colcon.colcon_core.package_identification:_identify(python_pubsub) by extension 'ros'
[0.132s] DEBUG:colcon.colcon_core.package_identification:Package 'python_pubsub' with type 'ros.ament_python' and name 'python_pubsub'
[0.132s] Level 1:colcon.colcon_core.package_discovery:discover_packages(recursive) using defaults
[0.132s] Level 1:colcon.colcon_core.package_discovery:discover_packages(ignore) discover
[0.132s] Level 1:colcon.colcon_core.package_discovery:discover_packages(ignore) using defaults
[0.132s] Level 1:colcon.colcon_core.package_discovery:discover_packages(path) discover
[0.132s] Level 1:colcon.colcon_core.package_discovery:discover_packages(path) using defaults
[0.144s] INFO:colcon.colcon_core.package_selection:Skipping not selected package 'python_pubsub' in 'python_pubsub'
[0.145s] Level 1:colcon.colcon_core.package_discovery:discover_packages(prefix_path) check parameters
[0.145s] Level 1:colcon.colcon_core.package_discovery:discover_packages(prefix_path) discover
[0.147s] DEBUG:colcon.colcon_installed_package_information.package_discovery:Found 271 installed packages in /opt/ros/rolling
[0.147s] Level 1:colcon.colcon_core.package_discovery:discover_packages(prefix_path) using defaults
[0.190s] Level 5:colcon.colcon_core.verb:set package 'fc_custom_interface' build argument 'cmake_args' from command line to 'None'
[0.190s] Level 5:colcon.colcon_core.verb:set package 'fc_custom_interface' build argument 'cmake_target' from command line to 'None'
[0.190s] Level 5:colcon.colcon_core.verb:set package 'fc_custom_interface' build argument 'cmake_target_skip_unavailable' from command line to 'False'
[0.190s] Level 5:colcon.colcon_core.verb:set package 'fc_custom_interface' build argument 'cmake_clean_cache' from command line to 'False'
[0.190s] Level 5:colcon.colcon_core.verb:set package 'fc_custom_interface' build argument 'cmake_clean_first' from command line to 'False'
[0.190s] Level 5:colcon.colcon_core.verb:set package 'fc_custom_interface' build argument 'cmake_force_configure' from command line to 'False'
[0.190s] Level 5:colcon.colcon_core.verb:set package 'fc_custom_interface' build argument 'ament_cmake_args' from command line to 'None'
[0.190s] Level 5:colcon.colcon_core.verb:set package 'fc_custom_interface' build argument 'catkin_cmake_args' from command line to 'None'
[0.190s] Level 5:colcon.colcon_core.verb:set package 'fc_custom_interface' build argument 'catkin_skip_building_tests' from command line to 'False'
[0.190s] DEBUG:colcon.colcon_core.verb:Building package 'fc_custom_interface' with the following arguments: {'ament_cmake_args': None, 'build_base': '/home/aashish/Documents/FC/Python-tutorial/OOPS/src/build/fc_custom_interface', 'catkin_cmake_args': None, 'catkin_skip_building_tests': False, 'cmake_args': None, 'cmake_clean_cache': False, 'cmake_clean_first': False, 'cmake_force_configure': False, 'cmake_target': None, 'cmake_target_skip_unavailable': False, 'install_base': '/home/aashish/Documents/FC/Python-tutorial/OOPS/src/install/fc_custom_interface', 'merge_install': False, 'path': '/home/aashish/Documents/FC/Python-tutorial/OOPS/src/fc_custom_interface', 'symlink_install': False, 'test_result_base': None}
[0.191s] INFO:colcon.colcon_core.executor:Executing jobs using 'parallel' executor
[0.193s] DEBUG:colcon.colcon_parallel_executor.executor.parallel:run_until_complete
[0.193s] INFO:colcon.colcon_ros.task.ament_cmake.build:Building ROS package in '/home/aashish/Documents/FC/Python-tutorial/OOPS/src/fc_custom_interface' with build type 'ament_cmake'
[0.194s] INFO:colcon.colcon_cmake.task.cmake.build:Building CMake package in '/home/aashish/Documents/FC/Python-tutorial/OOPS/src/fc_custom_interface'
[0.197s] INFO:colcon.colcon_core.plugin_system:Skipping extension 'colcon_core.shell.bat': Not used on non-Windows systems
[0.197s] INFO:colcon.colcon_core.shell:Skip shell extension 'powershell' for command environment: Not usable outside of PowerShell
[0.197s] DEBUG:colcon.colcon_core.shell:Skip shell extension 'dsv' for command environment
[0.209s] DEBUG:colcon.colcon_core.event_handler.log_command:Invoking command in '/home/aashish/Documents/FC/Python-tutorial/OOPS/src/build/fc_custom_interface': CMAKE_PREFIX_PATH=/opt/ros/rolling /usr/bin/cmake /home/aashish/Documents/FC/Python-tutorial/OOPS/src/fc_custom_interface -DCMAKE_INSTALL_PREFIX=/home/aashish/Documents/FC/Python-tutorial/OOPS/src/install/fc_custom_interface
[1.298s] DEBUG:colcon.colcon_core.event_handler.log_command:Invoked command in '/home/aashish/Documents/FC/Python-tutorial/OOPS/src/build/fc_custom_interface' returned '0': CMAKE_PREFIX_PATH=/opt/ros/rolling /usr/bin/cmake /home/aashish/Documents/FC/Python-tutorial/OOPS/src/fc_custom_interface -DCMAKE_INSTALL_PREFIX=/home/aashish/Documents/FC/Python-tutorial/OOPS/src/install/fc_custom_interface
[1.300s] DEBUG:colcon.colcon_core.event_handler.log_command:Invoking command in '/home/aashish/Documents/FC/Python-tutorial/OOPS/src/build/fc_custom_interface': CMAKE_PREFIX_PATH=/opt/ros/rolling /usr/bin/cmake --build /home/aashish/Documents/FC/Python-tutorial/OOPS/src/build/fc_custom_interface -- -j12 -l12
[2.047s] DEBUG:colcon.colcon_core.event_handler.log_command:Invoked command in '/home/aashish/Documents/FC/Python-tutorial/OOPS/src/build/fc_custom_interface' returned '2': CMAKE_PREFIX_PATH=/opt/ros/rolling /usr/bin/cmake --build /home/aashish/Documents/FC/Python-tutorial/OOPS/src/build/fc_custom_interface -- -j12 -l12
[2.097s] Level 1:colcon.colcon_core.environment:create_environment_scripts_only(fc_custom_interface)
[2.100s] Level 1:colcon.colcon_core.environment:checking '/home/aashish/Documents/FC/Python-tutorial/OOPS/src/install/fc_custom_interface' for CMake module files
[2.100s] Level 1:colcon.colcon_core.environment:checking '/home/aashish/Documents/FC/Python-tutorial/OOPS/src/install/fc_custom_interface' for CMake config files
[2.102s] Level 1:colcon.colcon_core.environment:checking '/home/aashish/Documents/FC/Python-tutorial/OOPS/src/install/fc_custom_interface/bin'
[2.102s] Level 1:colcon.colcon_core.environment:checking '/home/aashish/Documents/FC/Python-tutorial/OOPS/src/install/fc_custom_interface/lib/pkgconfig/fc_custom_interface.pc'
[2.102s] Level 1:colcon.colcon_core.environment:checking '/home/aashish/Documents/FC/Python-tutorial/OOPS/src/install/fc_custom_interface/lib/python3.8/site-packages'
[2.102s] Level 1:colcon.colcon_core.environment:checking '/home/aashish/Documents/FC/Python-tutorial/OOPS/src/install/fc_custom_interface/bin'
[2.103s] INFO:colcon.colcon_core.shell:Creating package script '/home/aashish/Documents/FC/Python-tutorial/OOPS/src/install/fc_custom_interface/share/fc_custom_interface/package.ps1'
[2.104s] INFO:colcon.colcon_core.shell:Creating package descriptor '/home/aashish/Documents/FC/Python-tutorial/OOPS/src/install/fc_custom_interface/share/fc_custom_interface/package.dsv'
[2.105s] INFO:colcon.colcon_core.shell:Creating package script '/home/aashish/Documents/FC/Python-tutorial/OOPS/src/install/fc_custom_interface/share/fc_custom_interface/package.sh'
[2.105s] INFO:colcon.colcon_core.shell:Creating package script '/home/aashish/Documents/FC/Python-tutorial/OOPS/src/install/fc_custom_interface/share/fc_custom_interface/package.bash'
[2.106s] INFO:colcon.colcon_core.shell:Creating package script '/home/aashish/Documents/FC/Python-tutorial/OOPS/src/install/fc_custom_interface/share/fc_custom_interface/package.zsh'
[2.107s] Level 1:colcon.colcon_core.environment:create_file_with_runtime_dependencies(/home/aashish/Documents/FC/Python-tutorial/OOPS/src/install/fc_custom_interface/share/colcon-core/packages/fc_custom_interface)
[2.117s] DEBUG:colcon.colcon_parallel_executor.executor.parallel:closing loop
[2.117s] DEBUG:colcon.colcon_parallel_executor.executor.parallel:loop closed
[2.118s] DEBUG:colcon.colcon_parallel_executor.executor.parallel:run_until_complete finished with '2'
[2.118s] DEBUG:colcon.colcon_core.event_reactor:joining thread
[2.127s] INFO:colcon.colcon_core.plugin_system:Skipping extension 'colcon_notification.desktop_notification.terminal_notifier': Not used on non-Darwin systems
[2.127s] INFO:colcon.colcon_core.plugin_system:Skipping extension 'colcon_notification.desktop_notification.win32': Not used on non-Windows systems
[2.127s] INFO:colcon.colcon_notification.desktop_notification:Sending desktop notification using 'notify2'
[2.143s] DEBUG:colcon.colcon_core.event_reactor:joined thread
[2.147s] INFO:colcon.colcon_core.shell:Creating prefix script '/home/aashish/Documents/FC/Python-tutorial/OOPS/src/install/local_setup.ps1'
[2.148s] INFO:colcon.colcon_core.shell:Creating prefix util module '/home/aashish/Documents/FC/Python-tutorial/OOPS/src/install/_local_setup_util_ps1.py'
[2.151s] INFO:colcon.colcon_core.shell:Creating prefix chain script '/home/aashish/Documents/FC/Python-tutorial/OOPS/src/install/setup.ps1'
[2.153s] INFO:colcon.colcon_core.shell:Creating prefix script '/home/aashish/Documents/FC/Python-tutorial/OOPS/src/install/local_setup.sh'
[2.153s] INFO:colcon.colcon_core.shell:Creating prefix util module '/home/aashish/Documents/FC/Python-tutorial/OOPS/src/install/_local_setup_util_sh.py'
[2.154s] INFO:colcon.colcon_core.shell:Creating prefix chain script '/home/aashish/Documents/FC/Python-tutorial/OOPS/src/install/setup.sh'
[2.156s] INFO:colcon.colcon_core.shell:Creating prefix script '/home/aashish/Documents/FC/Python-tutorial/OOPS/src/install/local_setup.bash'
[2.156s] INFO:colcon.colcon_core.shell:Creating prefix chain script '/home/aashish/Documents/FC/Python-tutorial/OOPS/src/install/setup.bash'
[2.158s] INFO:colcon.colcon_core.shell:Creating prefix script '/home/aashish/Documents/FC/Python-tutorial/OOPS/src/install/local_setup.zsh'
[2.158s] INFO:colcon.colcon_core.shell:Creating prefix chain script '/home/aashish/Documents/FC/Python-tutorial/OOPS/src/install/setup.zsh'
