[0.086s] DEBUG:colcon:Command line arguments: ['/usr/bin/colcon', 'build', '--packages-select', 'fc_custom_interface']
[0.086s] DEBUG:colcon:Parsed command line arguments: Namespace(allow_overriding=[], ament_cmake_args=None, base_paths=['.'], build_base='build', catkin_cmake_args=None, catkin_skip_building_tests=False, cmake_args=None, cmake_clean_cache=False, cmake_clean_first=False, cmake_force_configure=False, cmake_target=None, cmake_target_skip_unavailable=False, continue_on_error=False, event_handlers=None, executor='parallel', ignore_user_meta=False, install_base='install', log_base=None, log_level=None, main=<bound method BuildVerb.main of <colcon_core.verb.build.BuildVerb object at 0x7f14096db940>>, merge_install=False, metas=['./colcon.meta'], packages_above=None, packages_above_and_dependencies=None, packages_above_depth=None, packages_end=None, packages_ignore=None, packages_ignore_regex=None, packages_select=['fc_custom_interface'], packages_select_build_failed=False, packages_select_by_dep=None, packages_select_regex=None, packages_select_test_failures=False, packages_skip=None, packages_skip_build_finished=False, packages_skip_by_dep=None, packages_skip_regex=None, packages_skip_test_passed=False, packages_skip_up_to=None, packages_start=None, packages_up_to=None, packages_up_to_regex=None, parallel_workers=12, paths=None, symlink_install=False, test_result_base=None, verb_extension=<colcon_core.verb.build.BuildVerb object at 0x7f14096db940>, verb_name='build', verb_parser=<colcon_defaults.argument_parser.defaults.DefaultArgumentsDecorator object at 0x7f14096dbeb0>)
[0.100s] Level 1:colcon.colcon_core.package_discovery:discover_packages(colcon_meta) check parameters
[0.100s] Level 1:colcon.colcon_core.package_discovery:discover_packages(recursive) check parameters
[0.100s] Level 1:colcon.colcon_core.package_discovery:discover_packages(ignore) check parameters
[0.100s] Level 1:colcon.colcon_core.package_discovery:discover_packages(path) check parameters
[0.100s] Level 1:colcon.colcon_core.package_discovery:discover_packages(colcon_meta) discover
[0.100s] Level 1:colcon.colcon_core.package_discovery:discover_packages(recursive) discover
[0.100s] INFO:colcon.colcon_core.package_discovery:Crawling recursively for packages in '/home/aashish/Documents/FC/Python-tutorial/OOPS/src'
[0.100s] Level 1:colcon.colcon_core.package_identification:_identify(.) by extensions ['ignore', 'ignore_ament_install']
[0.100s] Level 1:colcon.colcon_core.package_identification:_identify(.) by extension 'ignore'
[0.100s] Level 1:colcon.colcon_core.package_identification:_identify(.) by extension 'ignore_ament_install'
[0.100s] Level 1:colcon.colcon_core.package_identification:_identify(.) by extensions ['colcon_pkg']
[0.100s] Level 1:colcon.colcon_core.package_identification:_identify(.) by extension 'colcon_pkg'
[0.100s] Level 1:colcon.colcon_core.package_identification:_identify(.) by extensions ['colcon_meta']
[0.100s] Level 1:colcon.colcon_core.package_identification:_identify(.) by extension 'colcon_meta'
[0.101s] Level 1:colcon.colcon_core.package_identification:_identify(.) by extensions ['ros']
[0.101s] Level 1:colcon.colcon_core.package_identification:_identify(.) by extension 'ros'
[0.117s] Level 1:colcon.colcon_core.package_identification:_identify(.) by extensions ['cmake', 'python']
[0.117s] Level 1:colcon.colcon_core.package_identification:_identify(.) by extension 'cmake'
[0.117s] Level 1:colcon.colcon_core.package_identification:_identify(.) by extension 'python'
[0.117s] Level 1:colcon.colcon_core.package_identification:_identify(.) by extensions ['python_setup_py']
[0.118s] Level 1:colcon.colcon_core.package_identification:_identify(.) by extension 'python_setup_py'
[0.118s] Level 1:colcon.colcon_core.package_identification:_identify(build) by extensions ['ignore', 'ignore_ament_install']
[0.118s] Level 1:colcon.colcon_core.package_identification:_identify(build) by extension 'ignore'
[0.118s] Level 1:colcon.colcon_core.package_identification:_identify(build) ignored
[0.118s] Level 1:colcon.colcon_core.package_identification:_identify(calculator) by extensions ['ignore', 'ignore_ament_install']
[0.118s] Level 1:colcon.colcon_core.package_identification:_identify(calculator) by extension 'ignore'
[0.118s] Level 1:colcon.colcon_core.package_identification:_identify(calculator) by extension 'ignore_ament_install'
[0.118s] Level 1:colcon.colcon_core.package_identification:_identify(calculator) by extensions ['colcon_pkg']
[0.118s] Level 1:colcon.colcon_core.package_identification:_identify(calculator) by extension 'colcon_pkg'
[0.118s] Level 1:colcon.colcon_core.package_identification:_identify(calculator) by extensions ['colcon_meta']
[0.118s] Level 1:colcon.colcon_core.package_identification:_identify(calculator) by extension 'colcon_meta'
[0.118s] Level 1:colcon.colcon_core.package_identification:_identify(calculator) by extensions ['ros']
[0.118s] Level 1:colcon.colcon_core.package_identification:_identify(calculator) by extension 'ros'
[0.118s] Level 1:colcon.colcon_core.package_identification:_identify(calculator) by extensions ['cmake', 'python']
[0.118s] Level 1:colcon.colcon_core.package_identification:_identify(calculator) by extension 'cmake'
[0.118s] Level 1:colcon.colcon_core.package_identification:_identify(calculator) by extension 'python'
[0.118s] Level 1:colcon.colcon_core.package_identification:_identify(calculator) by extensions ['python_setup_py']
[0.118s] Level 1:colcon.colcon_core.package_identification:_identify(calculator) by extension 'python_setup_py'
[0.118s] Level 1:colcon.colcon_core.package_identification:_identify(fc_custom_interface) by extensions ['ignore', 'ignore_ament_install']
[0.118s] Level 1:colcon.colcon_core.package_identification:_identify(fc_custom_interface) by extension 'ignore'
[0.118s] Level 1:colcon.colcon_core.package_identification:_identify(fc_custom_interface) by extension 'ignore_ament_install'
[0.118s] Level 1:colcon.colcon_core.package_identification:_identify(fc_custom_interface) by extensions ['colcon_pkg']
[0.118s] Level 1:colcon.colcon_core.package_identification:_identify(fc_custom_interface) by extension 'colcon_pkg'
[0.118s] Level 1:colcon.colcon_core.package_identification:_identify(fc_custom_interface) by extensions ['colcon_meta']
[0.118s] Level 1:colcon.colcon_core.package_identification:_identify(fc_custom_interface) by extension 'colcon_meta'
[0.118s] Level 1:colcon.colcon_core.package_identification:_identify(fc_custom_interface) by extensions ['ros']
[0.118s] Level 1:colcon.colcon_core.package_identification:_identify(fc_custom_interface) by extension 'ros'
[0.120s] DEBUG:colcon.colcon_core.package_identification:Package 'fc_custom_interface' with type 'ros.ament_cmake' and name 'fc_custom_interface'
[0.120s] Level 1:colcon.colcon_core.package_identification:_identify(install) by extensions ['ignore', 'ignore_ament_install']
[0.120s] Level 1:colcon.colcon_core.package_identification:_identify(install) by extension 'ignore'
[0.120s] Level 1:colcon.colcon_core.package_identification:_identify(install) ignored
[0.120s] Level 1:colcon.colcon_core.package_identification:_identify(log) by extensions ['ignore', 'ignore_ament_install']
[0.120s] Level 1:colcon.colcon_core.package_identification:_identify(log) by extension 'ignore'
[0.120s] Level 1:colcon.colcon_core.package_identification:_identify(log) ignored
[0.120s] Level 1:colcon.colcon_core.package_identification:_identify(oops) by extensions ['ignore', 'ignore_ament_install']
[0.120s] Level 1:colcon.colcon_core.package_identification:_identify(oops) by extension 'ignore'
[0.120s] Level 1:colcon.colcon_core.package_identification:_identify(oops) by extension 'ignore_ament_install'
[0.120s] Level 1:colcon.colcon_core.package_identification:_identify(oops) by extensions ['colcon_pkg']
[0.120s] Level 1:colcon.colcon_core.package_identification:_identify(oops) by extension 'colcon_pkg'
[0.121s] Level 1:colcon.colcon_core.package_identification:_identify(oops) by extensions ['colcon_meta']
[0.121s] Level 1:colcon.colcon_core.package_identification:_identify(oops) by extension 'colcon_meta'
[0.121s] Level 1:colcon.colcon_core.package_identification:_identify(oops) by extensions ['ros']
[0.121s] Level 1:colcon.colcon_core.package_identification:_identify(oops) by extension 'ros'
[0.121s] Level 1:colcon.colcon_core.package_identification:_identify(oops) by extensions ['cmake', 'python']
[0.121s] Level 1:colcon.colcon_core.package_identification:_identify(oops) by extension 'cmake'
[0.121s] Level 1:colcon.colcon_core.package_identification:_identify(oops) by extension 'python'
[0.121s] Level 1:colcon.colcon_core.package_identification:_identify(oops) by extensions ['python_setup_py']
[0.121s] Level 1:colcon.colcon_core.package_identification:_identify(oops) by extension 'python_setup_py'
[0.121s] Level 1:colcon.colcon_core.package_identification:_identify(python_pubsub) by extensions ['ignore', 'ignore_ament_install']
[0.121s] Level 1:colcon.colcon_core.package_identification:_identify(python_pubsub) by extension 'ignore'
[0.121s] Level 1:colcon.colcon_core.package_identification:_identify(python_pubsub) by extension 'ignore_ament_install'
[0.121s] Level 1:colcon.colcon_core.package_identification:_identify(python_pubsub) by extensions ['colcon_pkg']
[0.121s] Level 1:colcon.colcon_core.package_identification:_identify(python_pubsub) by extension 'colcon_pkg'
[0.121s] Level 1:colcon.colcon_core.package_identification:_identify(python_pubsub) by extensions ['colcon_meta']
[0.121s] Level 1:colcon.colcon_core.package_identification:_identify(python_pubsub) by extension 'colcon_meta'
[0.121s] Level 1:colcon.colcon_core.package_identification:_identify(python_pubsub) by extensions ['ros']
[0.121s] Level 1:colcon.colcon_core.package_identification:_identify(python_pubsub) by extension 'ros'
[0.121s] DEBUG:colcon.colcon_core.package_identification:Package 'python_pubsub' with type 'ros.ament_python' and name 'python_pubsub'
[0.121s] Level 1:colcon.colcon_core.package_discovery:discover_packages(recursive) using defaults
[0.121s] Level 1:colcon.colcon_core.package_discovery:discover_packages(ignore) discover
[0.121s] Level 1:colcon.colcon_core.package_discovery:discover_packages(ignore) using defaults
[0.121s] Level 1:colcon.colcon_core.package_discovery:discover_packages(path) discover
[0.122s] Level 1:colcon.colcon_core.package_discovery:discover_packages(path) using defaults
[0.133s] INFO:colcon.colcon_core.package_selection:Skipping not selected package 'python_pubsub' in 'python_pubsub'
[0.134s] Level 1:colcon.colcon_core.package_discovery:discover_packages(prefix_path) check parameters
[0.134s] Level 1:colcon.colcon_core.package_discovery:discover_packages(prefix_path) discover
[0.136s] DEBUG:colcon.colcon_installed_package_information.package_discovery:Found 271 installed packages in /opt/ros/rolling
[0.137s] Level 1:colcon.colcon_core.package_discovery:discover_packages(prefix_path) using defaults
[0.179s] Level 5:colcon.colcon_core.verb:set package 'fc_custom_interface' build argument 'cmake_args' from command line to 'None'
[0.179s] Level 5:colcon.colcon_core.verb:set package 'fc_custom_interface' build argument 'cmake_target' from command line to 'None'
[0.179s] Level 5:colcon.colcon_core.verb:set package 'fc_custom_interface' build argument 'cmake_target_skip_unavailable' from command line to 'False'
[0.179s] Level 5:colcon.colcon_core.verb:set package 'fc_custom_interface' build argument 'cmake_clean_cache' from command line to 'False'
[0.179s] Level 5:colcon.colcon_core.verb:set package 'fc_custom_interface' build argument 'cmake_clean_first' from command line to 'False'
[0.179s] Level 5:colcon.colcon_core.verb:set package 'fc_custom_interface' build argument 'cmake_force_configure' from command line to 'False'
[0.179s] Level 5:colcon.colcon_core.verb:set package 'fc_custom_interface' build argument 'ament_cmake_args' from command line to 'None'
[0.179s] Level 5:colcon.colcon_core.verb:set package 'fc_custom_interface' build argument 'catkin_cmake_args' from command line to 'None'
[0.179s] Level 5:colcon.colcon_core.verb:set package 'fc_custom_interface' build argument 'catkin_skip_building_tests' from command line to 'False'
[0.179s] DEBUG:colcon.colcon_core.verb:Building package 'fc_custom_interface' with the following arguments: {'ament_cmake_args': None, 'build_base': '/home/aashish/Documents/FC/Python-tutorial/OOPS/src/build/fc_custom_interface', 'catkin_cmake_args': None, 'catkin_skip_building_tests': False, 'cmake_args': None, 'cmake_clean_cache': False, 'cmake_clean_first': False, 'cmake_force_configure': False, 'cmake_target': None, 'cmake_target_skip_unavailable': False, 'install_base': '/home/aashish/Documents/FC/Python-tutorial/OOPS/src/install/fc_custom_interface', 'merge_install': False, 'path': '/home/aashish/Documents/FC/Python-tutorial/OOPS/src/fc_custom_interface', 'symlink_install': False, 'test_result_base': None}
[0.180s] INFO:colcon.colcon_core.executor:Executing jobs using 'parallel' executor
[0.182s] DEBUG:colcon.colcon_parallel_executor.executor.parallel:run_until_complete
[0.183s] INFO:colcon.colcon_ros.task.ament_cmake.build:Building ROS package in '/home/aashish/Documents/FC/Python-tutorial/OOPS/src/fc_custom_interface' with build type 'ament_cmake'
[0.183s] INFO:colcon.colcon_cmake.task.cmake.build:Building CMake package in '/home/aashish/Documents/FC/Python-tutorial/OOPS/src/fc_custom_interface'
[0.186s] INFO:colcon.colcon_core.plugin_system:Skipping extension 'colcon_core.shell.bat': Not used on non-Windows systems
[0.186s] INFO:colcon.colcon_core.shell:Skip shell extension 'powershell' for command environment: Not usable outside of PowerShell
[0.186s] DEBUG:colcon.colcon_core.shell:Skip shell extension 'dsv' for command environment
[0.200s] DEBUG:colcon.colcon_core.event_handler.log_command:Invoking command in '/home/aashish/Documents/FC/Python-tutorial/OOPS/src/build/fc_custom_interface': CMAKE_PREFIX_PATH=/opt/ros/rolling /usr/bin/cmake --build /home/aashish/Documents/FC/Python-tutorial/OOPS/src/build/fc_custom_interface -- -j12 -l12
[3.634s] DEBUG:colcon.colcon_core.event_handler.log_command:Invoked command in '/home/aashish/Documents/FC/Python-tutorial/OOPS/src/build/fc_custom_interface' returned '0': CMAKE_PREFIX_PATH=/opt/ros/rolling /usr/bin/cmake --build /home/aashish/Documents/FC/Python-tutorial/OOPS/src/build/fc_custom_interface -- -j12 -l12
[3.679s] DEBUG:colcon.colcon_core.event_handler.log_command:Invoking command in '/home/aashish/Documents/FC/Python-tutorial/OOPS/src/build/fc_custom_interface': CMAKE_PREFIX_PATH=/opt/ros/rolling /usr/bin/cmake --install /home/aashish/Documents/FC/Python-tutorial/OOPS/src/build/fc_custom_interface
[3.737s] Level 1:colcon.colcon_core.environment:create_environment_scripts_only(fc_custom_interface)
[3.739s] DEBUG:colcon.colcon_core.event_handler.log_command:Invoked command in '/home/aashish/Documents/FC/Python-tutorial/OOPS/src/build/fc_custom_interface' returned '0': CMAKE_PREFIX_PATH=/opt/ros/rolling /usr/bin/cmake --install /home/aashish/Documents/FC/Python-tutorial/OOPS/src/build/fc_custom_interface
[3.746s] Level 1:colcon.colcon_core.environment:checking '/home/aashish/Documents/FC/Python-tutorial/OOPS/src/install/fc_custom_interface' for CMake module files
[3.747s] Level 1:colcon.colcon_core.environment:checking '/home/aashish/Documents/FC/Python-tutorial/OOPS/src/install/fc_custom_interface' for CMake config files
[3.748s] Level 1:colcon.colcon_core.shell:create_environment_hook('fc_custom_interface', 'cmake_prefix_path')
[3.750s] INFO:colcon.colcon_core.shell:Creating environment hook '/home/aashish/Documents/FC/Python-tutorial/OOPS/src/install/fc_custom_interface/share/fc_custom_interface/hook/cmake_prefix_path.ps1'
[3.752s] INFO:colcon.colcon_core.shell:Creating environment descriptor '/home/aashish/Documents/FC/Python-tutorial/OOPS/src/install/fc_custom_interface/share/fc_custom_interface/hook/cmake_prefix_path.dsv'
[3.752s] INFO:colcon.colcon_core.shell:Creating environment hook '/home/aashish/Documents/FC/Python-tutorial/OOPS/src/install/fc_custom_interface/share/fc_custom_interface/hook/cmake_prefix_path.sh'
[3.754s] Level 1:colcon.colcon_core.environment:checking '/home/aashish/Documents/FC/Python-tutorial/OOPS/src/install/fc_custom_interface/lib'
[3.754s] Level 1:colcon.colcon_core.shell:create_environment_hook('fc_custom_interface', 'ld_library_path_lib')
[3.755s] INFO:colcon.colcon_core.shell:Creating environment hook '/home/aashish/Documents/FC/Python-tutorial/OOPS/src/install/fc_custom_interface/share/fc_custom_interface/hook/ld_library_path_lib.ps1'
[3.756s] INFO:colcon.colcon_core.shell:Creating environment descriptor '/home/aashish/Documents/FC/Python-tutorial/OOPS/src/install/fc_custom_interface/share/fc_custom_interface/hook/ld_library_path_lib.dsv'
[3.756s] INFO:colcon.colcon_core.shell:Creating environment hook '/home/aashish/Documents/FC/Python-tutorial/OOPS/src/install/fc_custom_interface/share/fc_custom_interface/hook/ld_library_path_lib.sh'
[3.756s] Level 1:colcon.colcon_core.environment:checking '/home/aashish/Documents/FC/Python-tutorial/OOPS/src/install/fc_custom_interface/bin'
[3.756s] Level 1:colcon.colcon_core.environment:checking '/home/aashish/Documents/FC/Python-tutorial/OOPS/src/install/fc_custom_interface/lib/pkgconfig/fc_custom_interface.pc'
[3.757s] Level 1:colcon.colcon_core.environment:checking '/home/aashish/Documents/FC/Python-tutorial/OOPS/src/install/fc_custom_interface/lib/python3.8/site-packages'
[3.757s] Level 1:colcon.colcon_core.shell:create_environment_hook('fc_custom_interface', 'pythonpath')
[3.758s] INFO:colcon.colcon_core.shell:Creating environment hook '/home/aashish/Documents/FC/Python-tutorial/OOPS/src/install/fc_custom_interface/share/fc_custom_interface/hook/pythonpath.ps1'
[3.758s] INFO:colcon.colcon_core.shell:Creating environment descriptor '/home/aashish/Documents/FC/Python-tutorial/OOPS/src/install/fc_custom_interface/share/fc_custom_interface/hook/pythonpath.dsv'
[3.758s] INFO:colcon.colcon_core.shell:Creating environment hook '/home/aashish/Documents/FC/Python-tutorial/OOPS/src/install/fc_custom_interface/share/fc_custom_interface/hook/pythonpath.sh'
[3.759s] Level 1:colcon.colcon_core.environment:checking '/home/aashish/Documents/FC/Python-tutorial/OOPS/src/install/fc_custom_interface/bin'
[3.760s] INFO:colcon.colcon_core.shell:Creating package script '/home/aashish/Documents/FC/Python-tutorial/OOPS/src/install/fc_custom_interface/share/fc_custom_interface/package.ps1'
[3.760s] INFO:colcon.colcon_core.shell:Creating package descriptor '/home/aashish/Documents/FC/Python-tutorial/OOPS/src/install/fc_custom_interface/share/fc_custom_interface/package.dsv'
[3.761s] INFO:colcon.colcon_core.shell:Creating package script '/home/aashish/Documents/FC/Python-tutorial/OOPS/src/install/fc_custom_interface/share/fc_custom_interface/package.sh'
[3.761s] INFO:colcon.colcon_core.shell:Creating package script '/home/aashish/Documents/FC/Python-tutorial/OOPS/src/install/fc_custom_interface/share/fc_custom_interface/package.bash'
[3.761s] INFO:colcon.colcon_core.shell:Creating package script '/home/aashish/Documents/FC/Python-tutorial/OOPS/src/install/fc_custom_interface/share/fc_custom_interface/package.zsh'
[3.762s] Level 1:colcon.colcon_core.environment:create_file_with_runtime_dependencies(/home/aashish/Documents/FC/Python-tutorial/OOPS/src/install/fc_custom_interface/share/colcon-core/packages/fc_custom_interface)
[3.802s] Level 1:colcon.colcon_core.environment:create_environment_scripts_only(fc_custom_interface)
[3.806s] Level 1:colcon.colcon_core.environment:checking '/home/aashish/Documents/FC/Python-tutorial/OOPS/src/install/fc_custom_interface' for CMake module files
[3.807s] Level 1:colcon.colcon_core.environment:checking '/home/aashish/Documents/FC/Python-tutorial/OOPS/src/install/fc_custom_interface' for CMake config files
[3.807s] Level 1:colcon.colcon_core.shell:create_environment_hook('fc_custom_interface', 'cmake_prefix_path')
[3.809s] INFO:colcon.colcon_core.shell:Creating environment hook '/home/aashish/Documents/FC/Python-tutorial/OOPS/src/install/fc_custom_interface/share/fc_custom_interface/hook/cmake_prefix_path.ps1'
[3.810s] INFO:colcon.colcon_core.shell:Creating environment descriptor '/home/aashish/Documents/FC/Python-tutorial/OOPS/src/install/fc_custom_interface/share/fc_custom_interface/hook/cmake_prefix_path.dsv'
[3.811s] INFO:colcon.colcon_core.shell:Creating environment hook '/home/aashish/Documents/FC/Python-tutorial/OOPS/src/install/fc_custom_interface/share/fc_custom_interface/hook/cmake_prefix_path.sh'
[3.812s] Level 1:colcon.colcon_core.environment:checking '/home/aashish/Documents/FC/Python-tutorial/OOPS/src/install/fc_custom_interface/lib'
[3.812s] Level 1:colcon.colcon_core.shell:create_environment_hook('fc_custom_interface', 'ld_library_path_lib')
[3.814s] INFO:colcon.colcon_core.shell:Creating environment hook '/home/aashish/Documents/FC/Python-tutorial/OOPS/src/install/fc_custom_interface/share/fc_custom_interface/hook/ld_library_path_lib.ps1'
[3.814s] INFO:colcon.colcon_core.shell:Creating environment descriptor '/home/aashish/Documents/FC/Python-tutorial/OOPS/src/install/fc_custom_interface/share/fc_custom_interface/hook/ld_library_path_lib.dsv'
[3.815s] INFO:colcon.colcon_core.shell:Creating environment hook '/home/aashish/Documents/FC/Python-tutorial/OOPS/src/install/fc_custom_interface/share/fc_custom_interface/hook/ld_library_path_lib.sh'
[3.815s] Level 1:colcon.colcon_core.environment:checking '/home/aashish/Documents/FC/Python-tutorial/OOPS/src/install/fc_custom_interface/bin'
[3.815s] Level 1:colcon.colcon_core.environment:checking '/home/aashish/Documents/FC/Python-tutorial/OOPS/src/install/fc_custom_interface/lib/pkgconfig/fc_custom_interface.pc'
[3.815s] Level 1:colcon.colcon_core.environment:checking '/home/aashish/Documents/FC/Python-tutorial/OOPS/src/install/fc_custom_interface/lib/python3.8/site-packages'
[3.815s] Level 1:colcon.colcon_core.shell:create_environment_hook('fc_custom_interface', 'pythonpath')
[3.816s] INFO:colcon.colcon_core.shell:Creating environment hook '/home/aashish/Documents/FC/Python-tutorial/OOPS/src/install/fc_custom_interface/share/fc_custom_interface/hook/pythonpath.ps1'
[3.817s] INFO:colcon.colcon_core.shell:Creating environment descriptor '/home/aashish/Documents/FC/Python-tutorial/OOPS/src/install/fc_custom_interface/share/fc_custom_interface/hook/pythonpath.dsv'
[3.817s] INFO:colcon.colcon_core.shell:Creating environment hook '/home/aashish/Documents/FC/Python-tutorial/OOPS/src/install/fc_custom_interface/share/fc_custom_interface/hook/pythonpath.sh'
[3.817s] Level 1:colcon.colcon_core.environment:checking '/home/aashish/Documents/FC/Python-tutorial/OOPS/src/install/fc_custom_interface/bin'
[3.818s] INFO:colcon.colcon_core.shell:Creating package script '/home/aashish/Documents/FC/Python-tutorial/OOPS/src/install/fc_custom_interface/share/fc_custom_interface/package.ps1'
[3.819s] INFO:colcon.colcon_core.shell:Creating package descriptor '/home/aashish/Documents/FC/Python-tutorial/OOPS/src/install/fc_custom_interface/share/fc_custom_interface/package.dsv'
[3.819s] INFO:colcon.colcon_core.shell:Creating package script '/home/aashish/Documents/FC/Python-tutorial/OOPS/src/install/fc_custom_interface/share/fc_custom_interface/package.sh'
[3.819s] INFO:colcon.colcon_core.shell:Creating package script '/home/aashish/Documents/FC/Python-tutorial/OOPS/src/install/fc_custom_interface/share/fc_custom_interface/package.bash'
[3.820s] INFO:colcon.colcon_core.shell:Creating package script '/home/aashish/Documents/FC/Python-tutorial/OOPS/src/install/fc_custom_interface/share/fc_custom_interface/package.zsh'
[3.820s] Level 1:colcon.colcon_core.environment:create_file_with_runtime_dependencies(/home/aashish/Documents/FC/Python-tutorial/OOPS/src/install/fc_custom_interface/share/colcon-core/packages/fc_custom_interface)
[3.820s] DEBUG:colcon.colcon_parallel_executor.executor.parallel:closing loop
[3.820s] DEBUG:colcon.colcon_parallel_executor.executor.parallel:loop closed
[3.820s] DEBUG:colcon.colcon_parallel_executor.executor.parallel:run_until_complete finished with '0'
[3.820s] DEBUG:colcon.colcon_core.event_reactor:joining thread
[3.828s] INFO:colcon.colcon_core.plugin_system:Skipping extension 'colcon_notification.desktop_notification.terminal_notifier': Not used on non-Darwin systems
[3.828s] INFO:colcon.colcon_core.plugin_system:Skipping extension 'colcon_notification.desktop_notification.win32': Not used on non-Windows systems
[3.829s] INFO:colcon.colcon_notification.desktop_notification:Sending desktop notification using 'notify2'
[3.850s] DEBUG:colcon.colcon_core.event_reactor:joined thread
[3.851s] INFO:colcon.colcon_core.shell:Creating prefix script '/home/aashish/Documents/FC/Python-tutorial/OOPS/src/install/local_setup.ps1'
[3.853s] INFO:colcon.colcon_core.shell:Creating prefix util module '/home/aashish/Documents/FC/Python-tutorial/OOPS/src/install/_local_setup_util_ps1.py'
[3.854s] INFO:colcon.colcon_core.shell:Creating prefix chain script '/home/aashish/Documents/FC/Python-tutorial/OOPS/src/install/setup.ps1'
[3.855s] INFO:colcon.colcon_core.shell:Creating prefix script '/home/aashish/Documents/FC/Python-tutorial/OOPS/src/install/local_setup.sh'
[3.856s] INFO:colcon.colcon_core.shell:Creating prefix util module '/home/aashish/Documents/FC/Python-tutorial/OOPS/src/install/_local_setup_util_sh.py'
[3.856s] INFO:colcon.colcon_core.shell:Creating prefix chain script '/home/aashish/Documents/FC/Python-tutorial/OOPS/src/install/setup.sh'
[3.858s] INFO:colcon.colcon_core.shell:Creating prefix script '/home/aashish/Documents/FC/Python-tutorial/OOPS/src/install/local_setup.bash'
[3.858s] INFO:colcon.colcon_core.shell:Creating prefix chain script '/home/aashish/Documents/FC/Python-tutorial/OOPS/src/install/setup.bash'
[3.859s] INFO:colcon.colcon_core.shell:Creating prefix script '/home/aashish/Documents/FC/Python-tutorial/OOPS/src/install/local_setup.zsh'
[3.859s] INFO:colcon.colcon_core.shell:Creating prefix chain script '/home/aashish/Documents/FC/Python-tutorial/OOPS/src/install/setup.zsh'
