-- Found ament_cmake: 1.2.1 (/opt/ros/rolling/share/ament_cmake/cmake)
-- Found rosidl_default_generators: 1.1.1 (/opt/ros/rolling/share/rosidl_default_generators/cmake)
-- Using all available rosidl_typesupport_c: rosidl_typesupport_fastrtps_c;rosidl_typesupport_introspection_c
-- Found rosidl_adapter: 3.0.1 (/opt/ros/rolling/share/rosidl_adapter/cmake)
-- Using all available rosidl_typesupport_cpp: rosidl_typesupport_fastrtps_cpp;rosidl_typesupport_introspection_cpp
-- Found ament_cmake_ros: 0.10.0 (/opt/ros/rolling/share/ament_cmake_ros/cmake)
-- Using all available rosidl_typesupport_c: rosidl_typesupport_fastrtps_c;rosidl_typesupport_introspection_c
-- Using all available rosidl_typesupport_cpp: rosidl_typesupport_fastrtps_cpp;rosidl_typesupport_introspection_cpp
-- Found python_cmake_module: 0.8.1 (/opt/ros/rolling/share/python_cmake_module/cmake)
-- Using PYTHON_EXECUTABLE: /usr/bin/python3
-- Using PYTHON_INCLUDE_DIRS: /usr/include/python3.8
-- Using PYTHON_LIBRARIES: /usr/lib/x86_64-linux-gnu/libpython3.8.so
-- Found ament_lint_auto: 0.11.4 (/opt/ros/rolling/share/ament_lint_auto/cmake)
-- Added test 'lint_cmake' to check CMake code style
-- Added test 'xmllint' to check XML markup files
-- Configuring done
-- Generating done
-- Build files have been written to: /home/aashish/Documents/FC/Python-tutorial/OOPS/src/build/fc_custom_interface
[  3%] [34m[1mGenerating C code for ROS interfaces[0m
[  6%] [34m[1mGenerating C++ code for ROS interfaces[0m
[  6%] Built target ament_cmake_python_copy_fc_custom_interface
[35m[1mScanning dependencies of target fc_custom_interface__rosidl_generator_c[0m
[  6%] Built target fc_custom_interface__cpp
[  9%] [32mBuilding C object CMakeFiles/fc_custom_interface__rosidl_generator_c.dir/rosidl_generator_c/fc_custom_interface/msg/detail/custom_message__functions.c.o[0m
[ 12%] [34m[1mGenerating C++ type support for eProsima Fast-RTPS[0m
[ 19%] [34m[1mGenerating C++ introspection for ROS interfaces[0m
[ 19%] [34m[1mGenerating C++ type support dispatch for ROS interfaces[0m
[ 22%] [32m[1mLinking C shared library libfc_custom_interface__rosidl_generator_c.so[0m
running egg_info
writing fc_custom_interface.egg-info/PKG-INFO
writing dependency_links to fc_custom_interface.egg-info/dependency_links.txt
writing top-level names to fc_custom_interface.egg-info/top_level.txt
[ 22%] Built target fc_custom_interface__rosidl_generator_c
[ 29%] [34m[1mGenerating C type support dispatch for ROS interfaces[0m
[ 29%] [34m[1mGenerating C introspection for ROS interfaces[0m
reading manifest file 'fc_custom_interface.egg-info/SOURCES.txt'
writing manifest file 'fc_custom_interface.egg-info/SOURCES.txt'
[ 29%] Built target ament_cmake_python_build_fc_custom_interface_egg
[35m[1mScanning dependencies of target fc_custom_interface__rosidl_typesupport_fastrtps_cpp[0m
[ 32%] [32mBuilding CXX object CMakeFiles/fc_custom_interface__rosidl_typesupport_fastrtps_cpp.dir/rosidl_typesupport_fastrtps_cpp/fc_custom_interface/msg/detail/dds_fastrtps/custom_message__type_support.cpp.o[0m
[35m[1mScanning dependencies of target fc_custom_interface__rosidl_typesupport_cpp[0m
[35m[1mScanning dependencies of target fc_custom_interface__rosidl_typesupport_introspection_cpp[0m
[ 35%] [32mBuilding CXX object CMakeFiles/fc_custom_interface__rosidl_typesupport_cpp.dir/rosidl_typesupport_cpp/fc_custom_interface/msg/custom_message__type_support.cpp.o[0m
[ 38%] [32mBuilding CXX object CMakeFiles/fc_custom_interface__rosidl_typesupport_introspection_cpp.dir/rosidl_typesupport_introspection_cpp/fc_custom_interface/msg/detail/custom_message__type_support.cpp.o[0m
[35m[1mScanning dependencies of target fc_custom_interface__rosidl_typesupport_c[0m
[ 41%] [32mBuilding CXX object CMakeFiles/fc_custom_interface__rosidl_typesupport_c.dir/rosidl_typesupport_c/fc_custom_interface/msg/custom_message__type_support.cpp.o[0m
[ 45%] [32m[1mLinking CXX shared library libfc_custom_interface__rosidl_typesupport_c.so[0m
[35m[1mScanning dependencies of target fc_custom_interface__rosidl_typesupport_introspection_c[0m
[ 45%] Built target fc_custom_interface__rosidl_typesupport_c
[ 48%] [32mBuilding C object CMakeFiles/fc_custom_interface__rosidl_typesupport_introspection_c.dir/rosidl_typesupport_introspection_c/fc_custom_interface/msg/detail/custom_message__type_support.c.o[0m
[ 51%] [32m[1mLinking C shared library libfc_custom_interface__rosidl_typesupport_introspection_c.so[0m
[ 51%] Built target fc_custom_interface__rosidl_typesupport_introspection_c
[ 54%] [32m[1mLinking CXX shared library libfc_custom_interface__rosidl_typesupport_cpp.so[0m
[ 54%] Built target fc_custom_interface__rosidl_typesupport_cpp
[ 58%] [32m[1mLinking CXX shared library libfc_custom_interface__rosidl_typesupport_introspection_cpp.so[0m
[ 58%] Built target fc_custom_interface__rosidl_typesupport_introspection_cpp
[ 61%] [32m[1mLinking CXX shared library libfc_custom_interface__rosidl_typesupport_fastrtps_cpp.so[0m
[ 61%] Built target fc_custom_interface__rosidl_typesupport_fastrtps_cpp
[ 64%] [34m[1mGenerating C type support for eProsima Fast-RTPS[0m
[35m[1mScanning dependencies of target fc_custom_interface__rosidl_typesupport_fastrtps_c[0m
[ 67%] [32mBuilding CXX object CMakeFiles/fc_custom_interface__rosidl_typesupport_fastrtps_c.dir/rosidl_typesupport_fastrtps_c/fc_custom_interface/msg/detail/custom_message__type_support_c.cpp.o[0m
[ 70%] [32m[1mLinking CXX shared library libfc_custom_interface__rosidl_typesupport_fastrtps_c.so[0m
[ 70%] Built target fc_custom_interface__rosidl_typesupport_fastrtps_c
[35m[1mScanning dependencies of target fc_custom_interface[0m
[ 70%] Built target fc_custom_interface
[35m[1mScanning dependencies of target fc_custom_interface__py[0m
[ 74%] [34m[1mGenerating Python code for ROS interfaces[0m
[ 74%] Built target fc_custom_interface__py
[35m[1mScanning dependencies of target fc_custom_interface__rosidl_generator_py[0m
[ 77%] [32mBuilding C object CMakeFiles/fc_custom_interface__rosidl_generator_py.dir/rosidl_generator_py/fc_custom_interface/msg/_custom_message_s.c.o[0m
[ 80%] [32m[1mLinking C shared library rosidl_generator_py/fc_custom_interface/libfc_custom_interface__rosidl_generator_py.so[0m
[ 80%] Built target fc_custom_interface__rosidl_generator_py
[35m[1mScanning dependencies of target fc_custom_interface__rosidl_typesupport_c__pyext[0m
[35m[1mScanning dependencies of target fc_custom_interface__rosidl_typesupport_introspection_c__pyext[0m
[35m[1mScanning dependencies of target fc_custom_interface__rosidl_typesupport_fastrtps_c__pyext[0m
[ 87%] [32mBuilding C object CMakeFiles/fc_custom_interface__rosidl_typesupport_introspection_c__pyext.dir/rosidl_generator_py/fc_custom_interface/_fc_custom_interface_s.ep.rosidl_typesupport_introspection_c.c.o[0m
[ 87%] [32mBuilding C object CMakeFiles/fc_custom_interface__rosidl_typesupport_c__pyext.dir/rosidl_generator_py/fc_custom_interface/_fc_custom_interface_s.ep.rosidl_typesupport_c.c.o[0m
[ 90%] [32mBuilding C object CMakeFiles/fc_custom_interface__rosidl_typesupport_fastrtps_c__pyext.dir/rosidl_generator_py/fc_custom_interface/_fc_custom_interface_s.ep.rosidl_typesupport_fastrtps_c.c.o[0m
[ 93%] [32m[1mLinking C shared library rosidl_generator_py/fc_custom_interface/fc_custom_interface_s__rosidl_typesupport_c.cpython-38-x86_64-linux-gnu.so[0m
[ 96%] [32m[1mLinking C shared library rosidl_generator_py/fc_custom_interface/fc_custom_interface_s__rosidl_typesupport_introspection_c.cpython-38-x86_64-linux-gnu.so[0m
[100%] [32m[1mLinking C shared library rosidl_generator_py/fc_custom_interface/fc_custom_interface_s__rosidl_typesupport_fastrtps_c.cpython-38-x86_64-linux-gnu.so[0m
[100%] Built target fc_custom_interface__rosidl_typesupport_c__pyext
[100%] Built target fc_custom_interface__rosidl_typesupport_introspection_c__pyext
[100%] Built target fc_custom_interface__rosidl_typesupport_fastrtps_c__pyext
-- Install configuration: ""
-- Installing: /home/aashish/Documents/FC/Python-tutorial/OOPS/src/install/fc_custom_interface/share/ament_index/resource_index/rosidl_interfaces/fc_custom_interface
-- Installing: /home/aashish/Documents/FC/Python-tutorial/OOPS/src/install/fc_custom_interface/include/fc_custom_interface
-- Installing: /home/aashish/Documents/FC/Python-tutorial/OOPS/src/install/fc_custom_interface/include/fc_custom_interface/msg
-- Installing: /home/aashish/Documents/FC/Python-tutorial/OOPS/src/install/fc_custom_interface/include/fc_custom_interface/msg/detail
-- Installing: /home/aashish/Documents/FC/Python-tutorial/OOPS/src/install/fc_custom_interface/include/fc_custom_interface/msg/detail/custom_message__functions.c
-- Installing: /home/aashish/Documents/FC/Python-tutorial/OOPS/src/install/fc_custom_interface/include/fc_custom_interface/msg/detail/custom_message__functions.h
-- Installing: /home/aashish/Documents/FC/Python-tutorial/OOPS/src/install/fc_custom_interface/include/fc_custom_interface/msg/detail/custom_message__type_support.h
-- Installing: /home/aashish/Documents/FC/Python-tutorial/OOPS/src/install/fc_custom_interface/include/fc_custom_interface/msg/detail/custom_message__struct.h
-- Installing: /home/aashish/Documents/FC/Python-tutorial/OOPS/src/install/fc_custom_interface/include/fc_custom_interface/msg/custom_message.h
-- Installing: /home/aashish/Documents/FC/Python-tutorial/OOPS/src/install/fc_custom_interface/include/fc_custom_interface/msg/rosidl_generator_c__visibility_control.h
-- Installing: /home/aashish/Documents/FC/Python-tutorial/OOPS/src/install/fc_custom_interface/share/fc_custom_interface/environment/library_path.sh
-- Installing: /home/aashish/Documents/FC/Python-tutorial/OOPS/src/install/fc_custom_interface/share/fc_custom_interface/environment/library_path.dsv
-- Installing: /home/aashish/Documents/FC/Python-tutorial/OOPS/src/install/fc_custom_interface/lib/libfc_custom_interface__rosidl_generator_c.so
-- Set runtime path of "/home/aashish/Documents/FC/Python-tutorial/OOPS/src/install/fc_custom_interface/lib/libfc_custom_interface__rosidl_generator_c.so" to ""
-- Up-to-date: /home/aashish/Documents/FC/Python-tutorial/OOPS/src/install/fc_custom_interface/include/fc_custom_interface
-- Up-to-date: /home/aashish/Documents/FC/Python-tutorial/OOPS/src/install/fc_custom_interface/include/fc_custom_interface/msg
-- Up-to-date: /home/aashish/Documents/FC/Python-tutorial/OOPS/src/install/fc_custom_interface/include/fc_custom_interface/msg/detail
-- Installing: /home/aashish/Documents/FC/Python-tutorial/OOPS/src/install/fc_custom_interface/include/fc_custom_interface/msg/detail/custom_message__rosidl_typesupport_fastrtps_c.h
-- Installing: /home/aashish/Documents/FC/Python-tutorial/OOPS/src/install/fc_custom_interface/include/fc_custom_interface/msg/rosidl_typesupport_fastrtps_c__visibility_control.h
-- Installing: /home/aashish/Documents/FC/Python-tutorial/OOPS/src/install/fc_custom_interface/lib/libfc_custom_interface__rosidl_typesupport_fastrtps_c.so
-- Set runtime path of "/home/aashish/Documents/FC/Python-tutorial/OOPS/src/install/fc_custom_interface/lib/libfc_custom_interface__rosidl_typesupport_fastrtps_c.so" to ""
-- Up-to-date: /home/aashish/Documents/FC/Python-tutorial/OOPS/src/install/fc_custom_interface/include/fc_custom_interface
-- Up-to-date: /home/aashish/Documents/FC/Python-tutorial/OOPS/src/install/fc_custom_interface/include/fc_custom_interface/msg
-- Installing: /home/aashish/Documents/FC/Python-tutorial/OOPS/src/install/fc_custom_interface/include/fc_custom_interface/msg/rosidl_typesupport_fastrtps_cpp__visibility_control.h
-- Up-to-date: /home/aashish/Documents/FC/Python-tutorial/OOPS/src/install/fc_custom_interface/include/fc_custom_interface/msg/detail
-- Installing: /home/aashish/Documents/FC/Python-tutorial/OOPS/src/install/fc_custom_interface/include/fc_custom_interface/msg/detail/custom_message__rosidl_typesupport_fastrtps_cpp.hpp
-- Installing: /home/aashish/Documents/FC/Python-tutorial/OOPS/src/install/fc_custom_interface/include/fc_custom_interface/msg/detail/dds_fastrtps
-- Installing: /home/aashish/Documents/FC/Python-tutorial/OOPS/src/install/fc_custom_interface/lib/libfc_custom_interface__rosidl_typesupport_fastrtps_cpp.so
-- Set runtime path of "/home/aashish/Documents/FC/Python-tutorial/OOPS/src/install/fc_custom_interface/lib/libfc_custom_interface__rosidl_typesupport_fastrtps_cpp.so" to ""
-- Up-to-date: /home/aashish/Documents/FC/Python-tutorial/OOPS/src/install/fc_custom_interface/include/fc_custom_interface
-- Up-to-date: /home/aashish/Documents/FC/Python-tutorial/OOPS/src/install/fc_custom_interface/include/fc_custom_interface/msg
-- Up-to-date: /home/aashish/Documents/FC/Python-tutorial/OOPS/src/install/fc_custom_interface/include/fc_custom_interface/msg/detail
-- Installing: /home/aashish/Documents/FC/Python-tutorial/OOPS/src/install/fc_custom_interface/include/fc_custom_interface/msg/detail/custom_message__type_support.c
-- Installing: /home/aashish/Documents/FC/Python-tutorial/OOPS/src/install/fc_custom_interface/include/fc_custom_interface/msg/detail/custom_message__rosidl_typesupport_introspection_c.h
-- Installing: /home/aashish/Documents/FC/Python-tutorial/OOPS/src/install/fc_custom_interface/include/fc_custom_interface/msg/rosidl_typesupport_introspection_c__visibility_control.h
-- Installing: /home/aashish/Documents/FC/Python-tutorial/OOPS/src/install/fc_custom_interface/lib/libfc_custom_interface__rosidl_typesupport_introspection_c.so
-- Set runtime path of "/home/aashish/Documents/FC/Python-tutorial/OOPS/src/install/fc_custom_interface/lib/libfc_custom_interface__rosidl_typesupport_introspection_c.so" to ""
-- Installing: /home/aashish/Documents/FC/Python-tutorial/OOPS/src/install/fc_custom_interface/lib/libfc_custom_interface__rosidl_typesupport_c.so
-- Set runtime path of "/home/aashish/Documents/FC/Python-tutorial/OOPS/src/install/fc_custom_interface/lib/libfc_custom_interface__rosidl_typesupport_c.so" to ""
-- Up-to-date: /home/aashish/Documents/FC/Python-tutorial/OOPS/src/install/fc_custom_interface/include/fc_custom_interface
-- Up-to-date: /home/aashish/Documents/FC/Python-tutorial/OOPS/src/install/fc_custom_interface/include/fc_custom_interface/msg
-- Up-to-date: /home/aashish/Documents/FC/Python-tutorial/OOPS/src/install/fc_custom_interface/include/fc_custom_interface/msg/detail
-- Installing: /home/aashish/Documents/FC/Python-tutorial/OOPS/src/install/fc_custom_interface/include/fc_custom_interface/msg/detail/custom_message__traits.hpp
-- Installing: /home/aashish/Documents/FC/Python-tutorial/OOPS/src/install/fc_custom_interface/include/fc_custom_interface/msg/detail/custom_message__builder.hpp
-- Installing: /home/aashish/Documents/FC/Python-tutorial/OOPS/src/install/fc_custom_interface/include/fc_custom_interface/msg/detail/custom_message__struct.hpp
-- Installing: /home/aashish/Documents/FC/Python-tutorial/OOPS/src/install/fc_custom_interface/include/fc_custom_interface/msg/custom_message.hpp
-- Up-to-date: /home/aashish/Documents/FC/Python-tutorial/OOPS/src/install/fc_custom_interface/include/fc_custom_interface
-- Up-to-date: /home/aashish/Documents/FC/Python-tutorial/OOPS/src/install/fc_custom_interface/include/fc_custom_interface/msg
-- Up-to-date: /home/aashish/Documents/FC/Python-tutorial/OOPS/src/install/fc_custom_interface/include/fc_custom_interface/msg/detail
-- Installing: /home/aashish/Documents/FC/Python-tutorial/OOPS/src/install/fc_custom_interface/include/fc_custom_interface/msg/detail/custom_message__type_support.cpp
-- Installing: /home/aashish/Documents/FC/Python-tutorial/OOPS/src/install/fc_custom_interface/include/fc_custom_interface/msg/detail/custom_message__rosidl_typesupport_introspection_cpp.hpp
-- Installing: /home/aashish/Documents/FC/Python-tutorial/OOPS/src/install/fc_custom_interface/lib/libfc_custom_interface__rosidl_typesupport_introspection_cpp.so
-- Set runtime path of "/home/aashish/Documents/FC/Python-tutorial/OOPS/src/install/fc_custom_interface/lib/libfc_custom_interface__rosidl_typesupport_introspection_cpp.so" to ""
-- Installing: /home/aashish/Documents/FC/Python-tutorial/OOPS/src/install/fc_custom_interface/lib/libfc_custom_interface__rosidl_typesupport_cpp.so
-- Set runtime path of "/home/aashish/Documents/FC/Python-tutorial/OOPS/src/install/fc_custom_interface/lib/libfc_custom_interface__rosidl_typesupport_cpp.so" to ""
-- Installing: /home/aashish/Documents/FC/Python-tutorial/OOPS/src/install/fc_custom_interface/share/fc_custom_interface/environment/pythonpath.sh
-- Installing: /home/aashish/Documents/FC/Python-tutorial/OOPS/src/install/fc_custom_interface/share/fc_custom_interface/environment/pythonpath.dsv
-- Installing: /home/aashish/Documents/FC/Python-tutorial/OOPS/src/install/fc_custom_interface/lib/python3.8/site-packages/fc_custom_interface-0.0.0-py3.8.egg-info
-- Installing: /home/aashish/Documents/FC/Python-tutorial/OOPS/src/install/fc_custom_interface/lib/python3.8/site-packages/fc_custom_interface-0.0.0-py3.8.egg-info/dependency_links.txt
-- Installing: /home/aashish/Documents/FC/Python-tutorial/OOPS/src/install/fc_custom_interface/lib/python3.8/site-packages/fc_custom_interface-0.0.0-py3.8.egg-info/top_level.txt
-- Installing: /home/aashish/Documents/FC/Python-tutorial/OOPS/src/install/fc_custom_interface/lib/python3.8/site-packages/fc_custom_interface-0.0.0-py3.8.egg-info/SOURCES.txt
-- Installing: /home/aashish/Documents/FC/Python-tutorial/OOPS/src/install/fc_custom_interface/lib/python3.8/site-packages/fc_custom_interface-0.0.0-py3.8.egg-info/PKG-INFO
-- Installing: /home/aashish/Documents/FC/Python-tutorial/OOPS/src/install/fc_custom_interface/lib/python3.8/site-packages/fc_custom_interface
-- Installing: /home/aashish/Documents/FC/Python-tutorial/OOPS/src/install/fc_custom_interface/lib/python3.8/site-packages/fc_custom_interface/_fc_custom_interface_s.ep.rosidl_typesupport_fastrtps_c.c
-- Installing: /home/aashish/Documents/FC/Python-tutorial/OOPS/src/install/fc_custom_interface/lib/python3.8/site-packages/fc_custom_interface/_fc_custom_interface_s.ep.rosidl_typesupport_c.c
-- Installing: /home/aashish/Documents/FC/Python-tutorial/OOPS/src/install/fc_custom_interface/lib/python3.8/site-packages/fc_custom_interface/_fc_custom_interface_s.ep.rosidl_typesupport_introspection_c.c
-- Installing: /home/aashish/Documents/FC/Python-tutorial/OOPS/src/install/fc_custom_interface/lib/python3.8/site-packages/fc_custom_interface/fc_custom_interface_s__rosidl_typesupport_c.cpython-38-x86_64-linux-gnu.so
-- Installing: /home/aashish/Documents/FC/Python-tutorial/OOPS/src/install/fc_custom_interface/lib/python3.8/site-packages/fc_custom_interface/libfc_custom_interface__rosidl_generator_py.so
-- Installing: /home/aashish/Documents/FC/Python-tutorial/OOPS/src/install/fc_custom_interface/lib/python3.8/site-packages/fc_custom_interface/fc_custom_interface_s__rosidl_typesupport_introspection_c.cpython-38-x86_64-linux-gnu.so
-- Installing: /home/aashish/Documents/FC/Python-tutorial/OOPS/src/install/fc_custom_interface/lib/python3.8/site-packages/fc_custom_interface/fc_custom_interface_s__rosidl_typesupport_fastrtps_c.cpython-38-x86_64-linux-gnu.so
-- Installing: /home/aashish/Documents/FC/Python-tutorial/OOPS/src/install/fc_custom_interface/lib/python3.8/site-packages/fc_custom_interface/msg
-- Installing: /home/aashish/Documents/FC/Python-tutorial/OOPS/src/install/fc_custom_interface/lib/python3.8/site-packages/fc_custom_interface/msg/_custom_message_s.c
-- Installing: /home/aashish/Documents/FC/Python-tutorial/OOPS/src/install/fc_custom_interface/lib/python3.8/site-packages/fc_custom_interface/msg/_custom_message.py
-- Installing: /home/aashish/Documents/FC/Python-tutorial/OOPS/src/install/fc_custom_interface/lib/python3.8/site-packages/fc_custom_interface/msg/__init__.py
-- Installing: /home/aashish/Documents/FC/Python-tutorial/OOPS/src/install/fc_custom_interface/lib/python3.8/site-packages/fc_custom_interface/__init__.py
Listing '/home/aashish/Documents/FC/Python-tutorial/OOPS/src/install/fc_custom_interface/lib/python3.8/site-packages/fc_custom_interface'...
Compiling '/home/aashish/Documents/FC/Python-tutorial/OOPS/src/install/fc_custom_interface/lib/python3.8/site-packages/fc_custom_interface/__init__.py'...
Listing '/home/aashish/Documents/FC/Python-tutorial/OOPS/src/install/fc_custom_interface/lib/python3.8/site-packages/fc_custom_interface/msg'...
Compiling '/home/aashish/Documents/FC/Python-tutorial/OOPS/src/install/fc_custom_interface/lib/python3.8/site-packages/fc_custom_interface/msg/__init__.py'...
Compiling '/home/aashish/Documents/FC/Python-tutorial/OOPS/src/install/fc_custom_interface/lib/python3.8/site-packages/fc_custom_interface/msg/_custom_message.py'...
-- Installing: /home/aashish/Documents/FC/Python-tutorial/OOPS/src/install/fc_custom_interface/lib/python3.8/site-packages/fc_custom_interface/fc_custom_interface_s__rosidl_typesupport_fastrtps_c.cpython-38-x86_64-linux-gnu.so
-- Set runtime path of "/home/aashish/Documents/FC/Python-tutorial/OOPS/src/install/fc_custom_interface/lib/python3.8/site-packages/fc_custom_interface/fc_custom_interface_s__rosidl_typesupport_fastrtps_c.cpython-38-x86_64-linux-gnu.so" to ""
-- Installing: /home/aashish/Documents/FC/Python-tutorial/OOPS/src/install/fc_custom_interface/lib/python3.8/site-packages/fc_custom_interface/fc_custom_interface_s__rosidl_typesupport_introspection_c.cpython-38-x86_64-linux-gnu.so
-- Set runtime path of "/home/aashish/Documents/FC/Python-tutorial/OOPS/src/install/fc_custom_interface/lib/python3.8/site-packages/fc_custom_interface/fc_custom_interface_s__rosidl_typesupport_introspection_c.cpython-38-x86_64-linux-gnu.so" to ""
-- Installing: /home/aashish/Documents/FC/Python-tutorial/OOPS/src/install/fc_custom_interface/lib/python3.8/site-packages/fc_custom_interface/fc_custom_interface_s__rosidl_typesupport_c.cpython-38-x86_64-linux-gnu.so
-- Set runtime path of "/home/aashish/Documents/FC/Python-tutorial/OOPS/src/install/fc_custom_interface/lib/python3.8/site-packages/fc_custom_interface/fc_custom_interface_s__rosidl_typesupport_c.cpython-38-x86_64-linux-gnu.so" to ""
-- Installing: /home/aashish/Documents/FC/Python-tutorial/OOPS/src/install/fc_custom_interface/lib/libfc_custom_interface__rosidl_generator_py.so
-- Set runtime path of "/home/aashish/Documents/FC/Python-tutorial/OOPS/src/install/fc_custom_interface/lib/libfc_custom_interface__rosidl_generator_py.so" to ""
-- Installing: /home/aashish/Documents/FC/Python-tutorial/OOPS/src/install/fc_custom_interface/share/fc_custom_interface/msg/CustomMessage.idl
-- Installing: /home/aashish/Documents/FC/Python-tutorial/OOPS/src/install/fc_custom_interface/share/fc_custom_interface/msg/CustomMessage.msg
-- Installing: /home/aashish/Documents/FC/Python-tutorial/OOPS/src/install/fc_custom_interface/share/ament_index/resource_index/package_run_dependencies/fc_custom_interface
-- Installing: /home/aashish/Documents/FC/Python-tutorial/OOPS/src/install/fc_custom_interface/share/ament_index/resource_index/parent_prefix_path/fc_custom_interface
-- Installing: /home/aashish/Documents/FC/Python-tutorial/OOPS/src/install/fc_custom_interface/share/fc_custom_interface/environment/ament_prefix_path.sh
-- Installing: /home/aashish/Documents/FC/Python-tutorial/OOPS/src/install/fc_custom_interface/share/fc_custom_interface/environment/ament_prefix_path.dsv
-- Installing: /home/aashish/Documents/FC/Python-tutorial/OOPS/src/install/fc_custom_interface/share/fc_custom_interface/environment/path.sh
-- Installing: /home/aashish/Documents/FC/Python-tutorial/OOPS/src/install/fc_custom_interface/share/fc_custom_interface/environment/path.dsv
-- Installing: /home/aashish/Documents/FC/Python-tutorial/OOPS/src/install/fc_custom_interface/share/fc_custom_interface/local_setup.bash
-- Installing: /home/aashish/Documents/FC/Python-tutorial/OOPS/src/install/fc_custom_interface/share/fc_custom_interface/local_setup.sh
-- Installing: /home/aashish/Documents/FC/Python-tutorial/OOPS/src/install/fc_custom_interface/share/fc_custom_interface/local_setup.zsh
-- Installing: /home/aashish/Documents/FC/Python-tutorial/OOPS/src/install/fc_custom_interface/share/fc_custom_interface/local_setup.dsv
-- Installing: /home/aashish/Documents/FC/Python-tutorial/OOPS/src/install/fc_custom_interface/share/fc_custom_interface/package.dsv
-- Installing: /home/aashish/Documents/FC/Python-tutorial/OOPS/src/install/fc_custom_interface/share/ament_index/resource_index/packages/fc_custom_interface
-- Installing: /home/aashish/Documents/FC/Python-tutorial/OOPS/src/install/fc_custom_interface/share/fc_custom_interface/cmake/fc_custom_interface__rosidl_generator_cExport.cmake
-- Installing: /home/aashish/Documents/FC/Python-tutorial/OOPS/src/install/fc_custom_interface/share/fc_custom_interface/cmake/fc_custom_interface__rosidl_generator_cExport-noconfig.cmake
-- Installing: /home/aashish/Documents/FC/Python-tutorial/OOPS/src/install/fc_custom_interface/share/fc_custom_interface/cmake/fc_custom_interface__rosidl_typesupport_introspection_cExport.cmake
-- Installing: /home/aashish/Documents/FC/Python-tutorial/OOPS/src/install/fc_custom_interface/share/fc_custom_interface/cmake/fc_custom_interface__rosidl_typesupport_introspection_cExport-noconfig.cmake
-- Installing: /home/aashish/Documents/FC/Python-tutorial/OOPS/src/install/fc_custom_interface/share/fc_custom_interface/cmake/fc_custom_interface__rosidl_typesupport_cExport.cmake
-- Installing: /home/aashish/Documents/FC/Python-tutorial/OOPS/src/install/fc_custom_interface/share/fc_custom_interface/cmake/fc_custom_interface__rosidl_typesupport_cExport-noconfig.cmake
-- Installing: /home/aashish/Documents/FC/Python-tutorial/OOPS/src/install/fc_custom_interface/share/fc_custom_interface/cmake/fc_custom_interface__rosidl_generator_cppExport.cmake
-- Installing: /home/aashish/Documents/FC/Python-tutorial/OOPS/src/install/fc_custom_interface/share/fc_custom_interface/cmake/fc_custom_interface__rosidl_typesupport_introspection_cppExport.cmake
-- Installing: /home/aashish/Documents/FC/Python-tutorial/OOPS/src/install/fc_custom_interface/share/fc_custom_interface/cmake/fc_custom_interface__rosidl_typesupport_introspection_cppExport-noconfig.cmake
-- Installing: /home/aashish/Documents/FC/Python-tutorial/OOPS/src/install/fc_custom_interface/share/fc_custom_interface/cmake/fc_custom_interface__rosidl_typesupport_cppExport.cmake
-- Installing: /home/aashish/Documents/FC/Python-tutorial/OOPS/src/install/fc_custom_interface/share/fc_custom_interface/cmake/fc_custom_interface__rosidl_typesupport_cppExport-noconfig.cmake
-- Installing: /home/aashish/Documents/FC/Python-tutorial/OOPS/src/install/fc_custom_interface/share/fc_custom_interface/cmake/export_fc_custom_interface__rosidl_generator_pyExport.cmake
-- Installing: /home/aashish/Documents/FC/Python-tutorial/OOPS/src/install/fc_custom_interface/share/fc_custom_interface/cmake/export_fc_custom_interface__rosidl_generator_pyExport-noconfig.cmake
-- Installing: /home/aashish/Documents/FC/Python-tutorial/OOPS/src/install/fc_custom_interface/share/fc_custom_interface/cmake/rosidl_cmake-extras.cmake
-- Installing: /home/aashish/Documents/FC/Python-tutorial/OOPS/src/install/fc_custom_interface/share/fc_custom_interface/cmake/ament_cmake_export_dependencies-extras.cmake
-- Installing: /home/aashish/Documents/FC/Python-tutorial/OOPS/src/install/fc_custom_interface/share/fc_custom_interface/cmake/ament_cmake_export_libraries-extras.cmake
-- Installing: /home/aashish/Documents/FC/Python-tutorial/OOPS/src/install/fc_custom_interface/share/fc_custom_interface/cmake/ament_cmake_export_targets-extras.cmake
-- Installing: /home/aashish/Documents/FC/Python-tutorial/OOPS/src/install/fc_custom_interface/share/fc_custom_interface/cmake/ament_cmake_export_include_directories-extras.cmake
-- Installing: /home/aashish/Documents/FC/Python-tutorial/OOPS/src/install/fc_custom_interface/share/fc_custom_interface/cmake/rosidl_cmake_export_typesupport_libraries-extras.cmake
-- Installing: /home/aashish/Documents/FC/Python-tutorial/OOPS/src/install/fc_custom_interface/share/fc_custom_interface/cmake/rosidl_cmake_export_typesupport_targets-extras.cmake
-- Installing: /home/aashish/Documents/FC/Python-tutorial/OOPS/src/install/fc_custom_interface/share/fc_custom_interface/cmake/fc_custom_interfaceConfig.cmake
-- Installing: /home/aashish/Documents/FC/Python-tutorial/OOPS/src/install/fc_custom_interface/share/fc_custom_interface/cmake/fc_custom_interfaceConfig-version.cmake
-- Installing: /home/aashish/Documents/FC/Python-tutorial/OOPS/src/install/fc_custom_interface/share/fc_custom_interface/package.xml
