[0.016s] Invoking command in '/home/aashish/Documents/FC/Python-tutorial/OOPS/src/build/fc_custom_interface': CMAKE_PREFIX_PATH=/opt/ros/rolling /usr/bin/cmake --build /home/aashish/Documents/FC/Python-tutorial/OOPS/src/build/fc_custom_interface -- -j12 -l12
[0.038s] -- Found ament_cmake: 1.2.1 (/opt/ros/rolling/share/ament_cmake/cmake)
[0.202s] -- Found rosidl_default_generators: 1.1.1 (/opt/ros/rolling/share/rosidl_default_generators/cmake)
[0.203s] -- Using all available rosidl_typesupport_c: rosidl_typesupport_fastrtps_c;rosidl_typesupport_introspection_c
[0.206s] -- Found rosidl_adapter: 3.0.1 (/opt/ros/rolling/share/rosidl_adapter/cmake)
[0.244s] -- Using all available rosidl_typesupport_cpp: rosidl_typesupport_fastrtps_cpp;rosidl_typesupport_introspection_cpp
[0.479s] -- Found ament_cmake_ros: 0.10.0 (/opt/ros/rolling/share/ament_cmake_ros/cmake)
[0.773s] -- Using all available rosidl_typesupport_c: rosidl_typesupport_fastrtps_c;rosidl_typesupport_introspection_c
[0.977s] -- Using all available rosidl_typesupport_cpp: rosidl_typesupport_fastrtps_cpp;rosidl_typesupport_introspection_cpp
[0.992s] -- Found python_cmake_module: 0.8.1 (/opt/ros/rolling/share/python_cmake_module/cmake)
[1.008s] -- Using PYTHON_EXECUTABLE: /usr/bin/python3
[1.008s] -- Using PYTHON_INCLUDE_DIRS: /usr/include/python3.8
[1.009s] -- Using PYTHON_LIBRARIES: /usr/lib/x86_64-linux-gnu/libpython3.8.so
[1.021s] -- Found ament_lint_auto: 0.11.4 (/opt/ros/rolling/share/ament_lint_auto/cmake)
[1.028s] -- Added test 'lint_cmake' to check CMake code style
[1.029s] -- Added test 'xmllint' to check XML markup files
[1.032s] -- Configuring done
[1.053s] -- Generating done
[1.056s] -- Build files have been written to: /home/aashish/Documents/FC/Python-tutorial/OOPS/src/build/fc_custom_interface
[1.076s] [  3%] [34m[1mGenerating C code for ROS interfaces[0m
[1.084s] [  6%] [34m[1mGenerating C++ code for ROS interfaces[0m
[1.099s] [  6%] Built target ament_cmake_python_copy_fc_custom_interface
[1.288s] [35m[1mScanning dependencies of target fc_custom_interface__rosidl_generator_c[0m
[1.295s] [  6%] Built target fc_custom_interface__cpp
[1.301s] [  9%] [32mBuilding C object CMakeFiles/fc_custom_interface__rosidl_generator_c.dir/rosidl_generator_c/fc_custom_interface/msg/detail/custom_message__functions.c.o[0m
[1.307s] [ 12%] [34m[1mGenerating C++ type support for eProsima Fast-RTPS[0m
[1.309s] [ 19%] [34m[1mGenerating C++ introspection for ROS interfaces[0m
[1.309s] [ 19%] [34m[1mGenerating C++ type support dispatch for ROS interfaces[0m
[1.366s] [ 22%] [32m[1mLinking C shared library libfc_custom_interface__rosidl_generator_c.so[0m
[1.398s] running egg_info
[1.399s] writing fc_custom_interface.egg-info/PKG-INFO
[1.399s] writing dependency_links to fc_custom_interface.egg-info/dependency_links.txt
[1.400s] writing top-level names to fc_custom_interface.egg-info/top_level.txt
[1.413s] [ 22%] Built target fc_custom_interface__rosidl_generator_c
[1.430s] [ 29%] [34m[1mGenerating C type support dispatch for ROS interfaces[0m
[1.430s] [ 29%] [34m[1mGenerating C introspection for ROS interfaces[0m
[1.444s] reading manifest file 'fc_custom_interface.egg-info/SOURCES.txt'
[1.445s] writing manifest file 'fc_custom_interface.egg-info/SOURCES.txt'
[1.472s] [ 29%] Built target ament_cmake_python_build_fc_custom_interface_egg
[1.569s] [35m[1mScanning dependencies of target fc_custom_interface__rosidl_typesupport_fastrtps_cpp[0m
[1.588s] [ 32%] [32mBuilding CXX object CMakeFiles/fc_custom_interface__rosidl_typesupport_fastrtps_cpp.dir/rosidl_typesupport_fastrtps_cpp/fc_custom_interface/msg/detail/dds_fastrtps/custom_message__type_support.cpp.o[0m
[1.620s] [35m[1mScanning dependencies of target fc_custom_interface__rosidl_typesupport_cpp[0m
[1.636s] [35m[1mScanning dependencies of target fc_custom_interface__rosidl_typesupport_introspection_cpp[0m
[1.638s] [ 35%] [32mBuilding CXX object CMakeFiles/fc_custom_interface__rosidl_typesupport_cpp.dir/rosidl_typesupport_cpp/fc_custom_interface/msg/custom_message__type_support.cpp.o[0m
[1.650s] [ 38%] [32mBuilding CXX object CMakeFiles/fc_custom_interface__rosidl_typesupport_introspection_cpp.dir/rosidl_typesupport_introspection_cpp/fc_custom_interface/msg/detail/custom_message__type_support.cpp.o[0m
[1.694s] [35m[1mScanning dependencies of target fc_custom_interface__rosidl_typesupport_c[0m
[1.707s] [ 41%] [32mBuilding CXX object CMakeFiles/fc_custom_interface__rosidl_typesupport_c.dir/rosidl_typesupport_c/fc_custom_interface/msg/custom_message__type_support.cpp.o[0m
[1.746s] [ 45%] [32m[1mLinking CXX shared library libfc_custom_interface__rosidl_typesupport_c.so[0m
[1.774s] [35m[1mScanning dependencies of target fc_custom_interface__rosidl_typesupport_introspection_c[0m
[1.790s] [ 45%] Built target fc_custom_interface__rosidl_typesupport_c
[1.792s] [ 48%] [32mBuilding C object CMakeFiles/fc_custom_interface__rosidl_typesupport_introspection_c.dir/rosidl_typesupport_introspection_c/fc_custom_interface/msg/detail/custom_message__type_support.c.o[0m
[1.835s] [ 51%] [32m[1mLinking C shared library libfc_custom_interface__rosidl_typesupport_introspection_c.so[0m
[1.877s] [ 51%] Built target fc_custom_interface__rosidl_typesupport_introspection_c
[1.983s] [ 54%] [32m[1mLinking CXX shared library libfc_custom_interface__rosidl_typesupport_cpp.so[0m
[2.025s] [ 54%] Built target fc_custom_interface__rosidl_typesupport_cpp
[2.107s] [ 58%] [32m[1mLinking CXX shared library libfc_custom_interface__rosidl_typesupport_introspection_cpp.so[0m
[2.182s] [ 58%] Built target fc_custom_interface__rosidl_typesupport_introspection_cpp
[2.295s] [ 61%] [32m[1mLinking CXX shared library libfc_custom_interface__rosidl_typesupport_fastrtps_cpp.so[0m
[2.384s] [ 61%] Built target fc_custom_interface__rosidl_typesupport_fastrtps_cpp
[2.391s] [ 64%] [34m[1mGenerating C type support for eProsima Fast-RTPS[0m
[2.535s] [35m[1mScanning dependencies of target fc_custom_interface__rosidl_typesupport_fastrtps_c[0m
[2.544s] [ 67%] [32mBuilding CXX object CMakeFiles/fc_custom_interface__rosidl_typesupport_fastrtps_c.dir/rosidl_typesupport_fastrtps_c/fc_custom_interface/msg/detail/custom_message__type_support_c.cpp.o[0m
[2.768s] [ 70%] [32m[1mLinking CXX shared library libfc_custom_interface__rosidl_typesupport_fastrtps_c.so[0m
[2.813s] [ 70%] Built target fc_custom_interface__rosidl_typesupport_fastrtps_c
[2.821s] [35m[1mScanning dependencies of target fc_custom_interface[0m
[2.830s] [ 70%] Built target fc_custom_interface
[2.840s] [35m[1mScanning dependencies of target fc_custom_interface__py[0m
[2.849s] [ 74%] [34m[1mGenerating Python code for ROS interfaces[0m
[3.153s] [ 74%] Built target fc_custom_interface__py
[3.160s] [35m[1mScanning dependencies of target fc_custom_interface__rosidl_generator_py[0m
[3.179s] [ 77%] [32mBuilding C object CMakeFiles/fc_custom_interface__rosidl_generator_py.dir/rosidl_generator_py/fc_custom_interface/msg/_custom_message_s.c.o[0m
[3.250s] [ 80%] [32m[1mLinking C shared library rosidl_generator_py/fc_custom_interface/libfc_custom_interface__rosidl_generator_py.so[0m
[3.278s] [ 80%] Built target fc_custom_interface__rosidl_generator_py
[3.286s] [35m[1mScanning dependencies of target fc_custom_interface__rosidl_typesupport_c__pyext[0m
[3.286s] [35m[1mScanning dependencies of target fc_custom_interface__rosidl_typesupport_introspection_c__pyext[0m
[3.289s] [35m[1mScanning dependencies of target fc_custom_interface__rosidl_typesupport_fastrtps_c__pyext[0m
[3.304s] [ 87%] [32mBuilding C object CMakeFiles/fc_custom_interface__rosidl_typesupport_introspection_c__pyext.dir/rosidl_generator_py/fc_custom_interface/_fc_custom_interface_s.ep.rosidl_typesupport_introspection_c.c.o[0m
[3.304s] [ 87%] [32mBuilding C object CMakeFiles/fc_custom_interface__rosidl_typesupport_c__pyext.dir/rosidl_generator_py/fc_custom_interface/_fc_custom_interface_s.ep.rosidl_typesupport_c.c.o[0m
[3.307s] [ 90%] [32mBuilding C object CMakeFiles/fc_custom_interface__rosidl_typesupport_fastrtps_c__pyext.dir/rosidl_generator_py/fc_custom_interface/_fc_custom_interface_s.ep.rosidl_typesupport_fastrtps_c.c.o[0m
[3.377s] [ 93%] [32m[1mLinking C shared library rosidl_generator_py/fc_custom_interface/fc_custom_interface_s__rosidl_typesupport_c.cpython-38-x86_64-linux-gnu.so[0m
[3.390s] [ 96%] [32m[1mLinking C shared library rosidl_generator_py/fc_custom_interface/fc_custom_interface_s__rosidl_typesupport_introspection_c.cpython-38-x86_64-linux-gnu.so[0m
[3.407s] [100%] [32m[1mLinking C shared library rosidl_generator_py/fc_custom_interface/fc_custom_interface_s__rosidl_typesupport_fastrtps_c.cpython-38-x86_64-linux-gnu.so[0m
[3.408s] [100%] Built target fc_custom_interface__rosidl_typesupport_c__pyext
[3.422s] [100%] Built target fc_custom_interface__rosidl_typesupport_introspection_c__pyext
[3.439s] [100%] Built target fc_custom_interface__rosidl_typesupport_fastrtps_c__pyext
[3.449s] Invoked command in '/home/aashish/Documents/FC/Python-tutorial/OOPS/src/build/fc_custom_interface' returned '0': CMAKE_PREFIX_PATH=/opt/ros/rolling /usr/bin/cmake --build /home/aashish/Documents/FC/Python-tutorial/OOPS/src/build/fc_custom_interface -- -j12 -l12
[3.495s] Invoking command in '/home/aashish/Documents/FC/Python-tutorial/OOPS/src/build/fc_custom_interface': CMAKE_PREFIX_PATH=/opt/ros/rolling /usr/bin/cmake --install /home/aashish/Documents/FC/Python-tutorial/OOPS/src/build/fc_custom_interface
[3.500s] -- Install configuration: ""
[3.500s] -- Installing: /home/aashish/Documents/FC/Python-tutorial/OOPS/src/install/fc_custom_interface/share/ament_index/resource_index/rosidl_interfaces/fc_custom_interface
[3.501s] -- Installing: /home/aashish/Documents/FC/Python-tutorial/OOPS/src/install/fc_custom_interface/include/fc_custom_interface
[3.501s] -- Installing: /home/aashish/Documents/FC/Python-tutorial/OOPS/src/install/fc_custom_interface/include/fc_custom_interface/msg
[3.501s] -- Installing: /home/aashish/Documents/FC/Python-tutorial/OOPS/src/install/fc_custom_interface/include/fc_custom_interface/msg/detail
[3.501s] -- Installing: /home/aashish/Documents/FC/Python-tutorial/OOPS/src/install/fc_custom_interface/include/fc_custom_interface/msg/detail/custom_message__functions.c
[3.501s] -- Installing: /home/aashish/Documents/FC/Python-tutorial/OOPS/src/install/fc_custom_interface/include/fc_custom_interface/msg/detail/custom_message__functions.h
[3.501s] -- Installing: /home/aashish/Documents/FC/Python-tutorial/OOPS/src/install/fc_custom_interface/include/fc_custom_interface/msg/detail/custom_message__type_support.h
[3.501s] -- Installing: /home/aashish/Documents/FC/Python-tutorial/OOPS/src/install/fc_custom_interface/include/fc_custom_interface/msg/detail/custom_message__struct.h
[3.501s] -- Installing: /home/aashish/Documents/FC/Python-tutorial/OOPS/src/install/fc_custom_interface/include/fc_custom_interface/msg/custom_message.h
[3.502s] -- Installing: /home/aashish/Documents/FC/Python-tutorial/OOPS/src/install/fc_custom_interface/include/fc_custom_interface/msg/rosidl_generator_c__visibility_control.h
[3.502s] -- Installing: /home/aashish/Documents/FC/Python-tutorial/OOPS/src/install/fc_custom_interface/share/fc_custom_interface/environment/library_path.sh
[3.502s] -- Installing: /home/aashish/Documents/FC/Python-tutorial/OOPS/src/install/fc_custom_interface/share/fc_custom_interface/environment/library_path.dsv
[3.502s] -- Installing: /home/aashish/Documents/FC/Python-tutorial/OOPS/src/install/fc_custom_interface/lib/libfc_custom_interface__rosidl_generator_c.so
[3.502s] -- Set runtime path of "/home/aashish/Documents/FC/Python-tutorial/OOPS/src/install/fc_custom_interface/lib/libfc_custom_interface__rosidl_generator_c.so" to ""
[3.502s] -- Up-to-date: /home/aashish/Documents/FC/Python-tutorial/OOPS/src/install/fc_custom_interface/include/fc_custom_interface
[3.502s] -- Up-to-date: /home/aashish/Documents/FC/Python-tutorial/OOPS/src/install/fc_custom_interface/include/fc_custom_interface/msg
[3.502s] -- Up-to-date: /home/aashish/Documents/FC/Python-tutorial/OOPS/src/install/fc_custom_interface/include/fc_custom_interface/msg/detail
[3.502s] -- Installing: /home/aashish/Documents/FC/Python-tutorial/OOPS/src/install/fc_custom_interface/include/fc_custom_interface/msg/detail/custom_message__rosidl_typesupport_fastrtps_c.h
[3.502s] -- Installing: /home/aashish/Documents/FC/Python-tutorial/OOPS/src/install/fc_custom_interface/include/fc_custom_interface/msg/rosidl_typesupport_fastrtps_c__visibility_control.h
[3.502s] -- Installing: /home/aashish/Documents/FC/Python-tutorial/OOPS/src/install/fc_custom_interface/lib/libfc_custom_interface__rosidl_typesupport_fastrtps_c.so
[3.502s] -- Set runtime path of "/home/aashish/Documents/FC/Python-tutorial/OOPS/src/install/fc_custom_interface/lib/libfc_custom_interface__rosidl_typesupport_fastrtps_c.so" to ""
[3.503s] -- Up-to-date: /home/aashish/Documents/FC/Python-tutorial/OOPS/src/install/fc_custom_interface/include/fc_custom_interface
[3.503s] -- Up-to-date: /home/aashish/Documents/FC/Python-tutorial/OOPS/src/install/fc_custom_interface/include/fc_custom_interface/msg
[3.503s] -- Installing: /home/aashish/Documents/FC/Python-tutorial/OOPS/src/install/fc_custom_interface/include/fc_custom_interface/msg/rosidl_typesupport_fastrtps_cpp__visibility_control.h
[3.503s] -- Up-to-date: /home/aashish/Documents/FC/Python-tutorial/OOPS/src/install/fc_custom_interface/include/fc_custom_interface/msg/detail
[3.503s] -- Installing: /home/aashish/Documents/FC/Python-tutorial/OOPS/src/install/fc_custom_interface/include/fc_custom_interface/msg/detail/custom_message__rosidl_typesupport_fastrtps_cpp.hpp
[3.503s] -- Installing: /home/aashish/Documents/FC/Python-tutorial/OOPS/src/install/fc_custom_interface/include/fc_custom_interface/msg/detail/dds_fastrtps
[3.503s] -- Installing: /home/aashish/Documents/FC/Python-tutorial/OOPS/src/install/fc_custom_interface/lib/libfc_custom_interface__rosidl_typesupport_fastrtps_cpp.so
[3.504s] -- Set runtime path of "/home/aashish/Documents/FC/Python-tutorial/OOPS/src/install/fc_custom_interface/lib/libfc_custom_interface__rosidl_typesupport_fastrtps_cpp.so" to ""
[3.504s] -- Up-to-date: /home/aashish/Documents/FC/Python-tutorial/OOPS/src/install/fc_custom_interface/include/fc_custom_interface
[3.504s] -- Up-to-date: /home/aashish/Documents/FC/Python-tutorial/OOPS/src/install/fc_custom_interface/include/fc_custom_interface/msg
[3.504s] -- Up-to-date: /home/aashish/Documents/FC/Python-tutorial/OOPS/src/install/fc_custom_interface/include/fc_custom_interface/msg/detail
[3.504s] -- Installing: /home/aashish/Documents/FC/Python-tutorial/OOPS/src/install/fc_custom_interface/include/fc_custom_interface/msg/detail/custom_message__type_support.c
[3.504s] -- Installing: /home/aashish/Documents/FC/Python-tutorial/OOPS/src/install/fc_custom_interface/include/fc_custom_interface/msg/detail/custom_message__rosidl_typesupport_introspection_c.h
[3.504s] -- Installing: /home/aashish/Documents/FC/Python-tutorial/OOPS/src/install/fc_custom_interface/include/fc_custom_interface/msg/rosidl_typesupport_introspection_c__visibility_control.h
[3.504s] -- Installing: /home/aashish/Documents/FC/Python-tutorial/OOPS/src/install/fc_custom_interface/lib/libfc_custom_interface__rosidl_typesupport_introspection_c.so
[3.504s] -- Set runtime path of "/home/aashish/Documents/FC/Python-tutorial/OOPS/src/install/fc_custom_interface/lib/libfc_custom_interface__rosidl_typesupport_introspection_c.so" to ""
[3.505s] -- Installing: /home/aashish/Documents/FC/Python-tutorial/OOPS/src/install/fc_custom_interface/lib/libfc_custom_interface__rosidl_typesupport_c.so
[3.505s] -- Set runtime path of "/home/aashish/Documents/FC/Python-tutorial/OOPS/src/install/fc_custom_interface/lib/libfc_custom_interface__rosidl_typesupport_c.so" to ""
[3.505s] -- Up-to-date: /home/aashish/Documents/FC/Python-tutorial/OOPS/src/install/fc_custom_interface/include/fc_custom_interface
[3.505s] -- Up-to-date: /home/aashish/Documents/FC/Python-tutorial/OOPS/src/install/fc_custom_interface/include/fc_custom_interface/msg
[3.505s] -- Up-to-date: /home/aashish/Documents/FC/Python-tutorial/OOPS/src/install/fc_custom_interface/include/fc_custom_interface/msg/detail
[3.505s] -- Installing: /home/aashish/Documents/FC/Python-tutorial/OOPS/src/install/fc_custom_interface/include/fc_custom_interface/msg/detail/custom_message__traits.hpp
[3.505s] -- Installing: /home/aashish/Documents/FC/Python-tutorial/OOPS/src/install/fc_custom_interface/include/fc_custom_interface/msg/detail/custom_message__builder.hpp
[3.505s] -- Installing: /home/aashish/Documents/FC/Python-tutorial/OOPS/src/install/fc_custom_interface/include/fc_custom_interface/msg/detail/custom_message__struct.hpp
[3.506s] -- Installing: /home/aashish/Documents/FC/Python-tutorial/OOPS/src/install/fc_custom_interface/include/fc_custom_interface/msg/custom_message.hpp
[3.506s] -- Up-to-date: /home/aashish/Documents/FC/Python-tutorial/OOPS/src/install/fc_custom_interface/include/fc_custom_interface
[3.506s] -- Up-to-date: /home/aashish/Documents/FC/Python-tutorial/OOPS/src/install/fc_custom_interface/include/fc_custom_interface/msg
[3.506s] -- Up-to-date: /home/aashish/Documents/FC/Python-tutorial/OOPS/src/install/fc_custom_interface/include/fc_custom_interface/msg/detail
[3.506s] -- Installing: /home/aashish/Documents/FC/Python-tutorial/OOPS/src/install/fc_custom_interface/include/fc_custom_interface/msg/detail/custom_message__type_support.cpp
[3.506s] -- Installing: /home/aashish/Documents/FC/Python-tutorial/OOPS/src/install/fc_custom_interface/include/fc_custom_interface/msg/detail/custom_message__rosidl_typesupport_introspection_cpp.hpp
[3.506s] -- Installing: /home/aashish/Documents/FC/Python-tutorial/OOPS/src/install/fc_custom_interface/lib/libfc_custom_interface__rosidl_typesupport_introspection_cpp.so
[3.506s] -- Set runtime path of "/home/aashish/Documents/FC/Python-tutorial/OOPS/src/install/fc_custom_interface/lib/libfc_custom_interface__rosidl_typesupport_introspection_cpp.so" to ""
[3.506s] -- Installing: /home/aashish/Documents/FC/Python-tutorial/OOPS/src/install/fc_custom_interface/lib/libfc_custom_interface__rosidl_typesupport_cpp.so
[3.507s] -- Set runtime path of "/home/aashish/Documents/FC/Python-tutorial/OOPS/src/install/fc_custom_interface/lib/libfc_custom_interface__rosidl_typesupport_cpp.so" to ""
[3.507s] -- Installing: /home/aashish/Documents/FC/Python-tutorial/OOPS/src/install/fc_custom_interface/share/fc_custom_interface/environment/pythonpath.sh
[3.507s] -- Installing: /home/aashish/Documents/FC/Python-tutorial/OOPS/src/install/fc_custom_interface/share/fc_custom_interface/environment/pythonpath.dsv
[3.507s] -- Installing: /home/aashish/Documents/FC/Python-tutorial/OOPS/src/install/fc_custom_interface/lib/python3.8/site-packages/fc_custom_interface-0.0.0-py3.8.egg-info
[3.507s] -- Installing: /home/aashish/Documents/FC/Python-tutorial/OOPS/src/install/fc_custom_interface/lib/python3.8/site-packages/fc_custom_interface-0.0.0-py3.8.egg-info/dependency_links.txt
[3.508s] -- Installing: /home/aashish/Documents/FC/Python-tutorial/OOPS/src/install/fc_custom_interface/lib/python3.8/site-packages/fc_custom_interface-0.0.0-py3.8.egg-info/top_level.txt
[3.508s] -- Installing: /home/aashish/Documents/FC/Python-tutorial/OOPS/src/install/fc_custom_interface/lib/python3.8/site-packages/fc_custom_interface-0.0.0-py3.8.egg-info/SOURCES.txt
[3.508s] -- Installing: /home/aashish/Documents/FC/Python-tutorial/OOPS/src/install/fc_custom_interface/lib/python3.8/site-packages/fc_custom_interface-0.0.0-py3.8.egg-info/PKG-INFO
[3.508s] -- Installing: /home/aashish/Documents/FC/Python-tutorial/OOPS/src/install/fc_custom_interface/lib/python3.8/site-packages/fc_custom_interface
[3.508s] -- Installing: /home/aashish/Documents/FC/Python-tutorial/OOPS/src/install/fc_custom_interface/lib/python3.8/site-packages/fc_custom_interface/_fc_custom_interface_s.ep.rosidl_typesupport_fastrtps_c.c
[3.508s] -- Installing: /home/aashish/Documents/FC/Python-tutorial/OOPS/src/install/fc_custom_interface/lib/python3.8/site-packages/fc_custom_interface/_fc_custom_interface_s.ep.rosidl_typesupport_c.c
[3.508s] -- Installing: /home/aashish/Documents/FC/Python-tutorial/OOPS/src/install/fc_custom_interface/lib/python3.8/site-packages/fc_custom_interface/_fc_custom_interface_s.ep.rosidl_typesupport_introspection_c.c
[3.508s] -- Installing: /home/aashish/Documents/FC/Python-tutorial/OOPS/src/install/fc_custom_interface/lib/python3.8/site-packages/fc_custom_interface/fc_custom_interface_s__rosidl_typesupport_c.cpython-38-x86_64-linux-gnu.so
[3.508s] -- Installing: /home/aashish/Documents/FC/Python-tutorial/OOPS/src/install/fc_custom_interface/lib/python3.8/site-packages/fc_custom_interface/libfc_custom_interface__rosidl_generator_py.so
[3.509s] -- Installing: /home/aashish/Documents/FC/Python-tutorial/OOPS/src/install/fc_custom_interface/lib/python3.8/site-packages/fc_custom_interface/fc_custom_interface_s__rosidl_typesupport_introspection_c.cpython-38-x86_64-linux-gnu.so
[3.509s] -- Installing: /home/aashish/Documents/FC/Python-tutorial/OOPS/src/install/fc_custom_interface/lib/python3.8/site-packages/fc_custom_interface/fc_custom_interface_s__rosidl_typesupport_fastrtps_c.cpython-38-x86_64-linux-gnu.so
[3.509s] -- Installing: /home/aashish/Documents/FC/Python-tutorial/OOPS/src/install/fc_custom_interface/lib/python3.8/site-packages/fc_custom_interface/msg
[3.509s] -- Installing: /home/aashish/Documents/FC/Python-tutorial/OOPS/src/install/fc_custom_interface/lib/python3.8/site-packages/fc_custom_interface/msg/_custom_message_s.c
[3.509s] -- Installing: /home/aashish/Documents/FC/Python-tutorial/OOPS/src/install/fc_custom_interface/lib/python3.8/site-packages/fc_custom_interface/msg/_custom_message.py
[3.509s] -- Installing: /home/aashish/Documents/FC/Python-tutorial/OOPS/src/install/fc_custom_interface/lib/python3.8/site-packages/fc_custom_interface/msg/__init__.py
[3.509s] -- Installing: /home/aashish/Documents/FC/Python-tutorial/OOPS/src/install/fc_custom_interface/lib/python3.8/site-packages/fc_custom_interface/__init__.py
[3.539s] Listing '/home/aashish/Documents/FC/Python-tutorial/OOPS/src/install/fc_custom_interface/lib/python3.8/site-packages/fc_custom_interface'...
[3.540s] Compiling '/home/aashish/Documents/FC/Python-tutorial/OOPS/src/install/fc_custom_interface/lib/python3.8/site-packages/fc_custom_interface/__init__.py'...
[3.540s] Listing '/home/aashish/Documents/FC/Python-tutorial/OOPS/src/install/fc_custom_interface/lib/python3.8/site-packages/fc_custom_interface/msg'...
[3.540s] Compiling '/home/aashish/Documents/FC/Python-tutorial/OOPS/src/install/fc_custom_interface/lib/python3.8/site-packages/fc_custom_interface/msg/__init__.py'...
[3.540s] Compiling '/home/aashish/Documents/FC/Python-tutorial/OOPS/src/install/fc_custom_interface/lib/python3.8/site-packages/fc_custom_interface/msg/_custom_message.py'...
[3.543s] -- Installing: /home/aashish/Documents/FC/Python-tutorial/OOPS/src/install/fc_custom_interface/lib/python3.8/site-packages/fc_custom_interface/fc_custom_interface_s__rosidl_typesupport_fastrtps_c.cpython-38-x86_64-linux-gnu.so
[3.543s] -- Set runtime path of "/home/aashish/Documents/FC/Python-tutorial/OOPS/src/install/fc_custom_interface/lib/python3.8/site-packages/fc_custom_interface/fc_custom_interface_s__rosidl_typesupport_fastrtps_c.cpython-38-x86_64-linux-gnu.so" to ""
[3.544s] -- Installing: /home/aashish/Documents/FC/Python-tutorial/OOPS/src/install/fc_custom_interface/lib/python3.8/site-packages/fc_custom_interface/fc_custom_interface_s__rosidl_typesupport_introspection_c.cpython-38-x86_64-linux-gnu.so
[3.544s] -- Set runtime path of "/home/aashish/Documents/FC/Python-tutorial/OOPS/src/install/fc_custom_interface/lib/python3.8/site-packages/fc_custom_interface/fc_custom_interface_s__rosidl_typesupport_introspection_c.cpython-38-x86_64-linux-gnu.so" to ""
[3.545s] -- Installing: /home/aashish/Documents/FC/Python-tutorial/OOPS/src/install/fc_custom_interface/lib/python3.8/site-packages/fc_custom_interface/fc_custom_interface_s__rosidl_typesupport_c.cpython-38-x86_64-linux-gnu.so
[3.545s] -- Set runtime path of "/home/aashish/Documents/FC/Python-tutorial/OOPS/src/install/fc_custom_interface/lib/python3.8/site-packages/fc_custom_interface/fc_custom_interface_s__rosidl_typesupport_c.cpython-38-x86_64-linux-gnu.so" to ""
[3.546s] -- Installing: /home/aashish/Documents/FC/Python-tutorial/OOPS/src/install/fc_custom_interface/lib/libfc_custom_interface__rosidl_generator_py.so
[3.546s] -- Set runtime path of "/home/aashish/Documents/FC/Python-tutorial/OOPS/src/install/fc_custom_interface/lib/libfc_custom_interface__rosidl_generator_py.so" to ""
[3.547s] -- Installing: /home/aashish/Documents/FC/Python-tutorial/OOPS/src/install/fc_custom_interface/share/fc_custom_interface/msg/CustomMessage.idl
[3.547s] -- Installing: /home/aashish/Documents/FC/Python-tutorial/OOPS/src/install/fc_custom_interface/share/fc_custom_interface/msg/CustomMessage.msg
[3.547s] -- Installing: /home/aashish/Documents/FC/Python-tutorial/OOPS/src/install/fc_custom_interface/share/ament_index/resource_index/package_run_dependencies/fc_custom_interface
[3.547s] -- Installing: /home/aashish/Documents/FC/Python-tutorial/OOPS/src/install/fc_custom_interface/share/ament_index/resource_index/parent_prefix_path/fc_custom_interface
[3.547s] -- Installing: /home/aashish/Documents/FC/Python-tutorial/OOPS/src/install/fc_custom_interface/share/fc_custom_interface/environment/ament_prefix_path.sh
[3.548s] -- Installing: /home/aashish/Documents/FC/Python-tutorial/OOPS/src/install/fc_custom_interface/share/fc_custom_interface/environment/ament_prefix_path.dsv
[3.548s] -- Installing: /home/aashish/Documents/FC/Python-tutorial/OOPS/src/install/fc_custom_interface/share/fc_custom_interface/environment/path.sh
[3.548s] -- Installing: /home/aashish/Documents/FC/Python-tutorial/OOPS/src/install/fc_custom_interface/share/fc_custom_interface/environment/path.dsv
[3.548s] -- Installing: /home/aashish/Documents/FC/Python-tutorial/OOPS/src/install/fc_custom_interface/share/fc_custom_interface/local_setup.bash
[3.548s] -- Installing: /home/aashish/Documents/FC/Python-tutorial/OOPS/src/install/fc_custom_interface/share/fc_custom_interface/local_setup.sh
[3.548s] -- Installing: /home/aashish/Documents/FC/Python-tutorial/OOPS/src/install/fc_custom_interface/share/fc_custom_interface/local_setup.zsh
[3.548s] -- Installing: /home/aashish/Documents/FC/Python-tutorial/OOPS/src/install/fc_custom_interface/share/fc_custom_interface/local_setup.dsv
[3.548s] -- Installing: /home/aashish/Documents/FC/Python-tutorial/OOPS/src/install/fc_custom_interface/share/fc_custom_interface/package.dsv
[3.549s] -- Installing: /home/aashish/Documents/FC/Python-tutorial/OOPS/src/install/fc_custom_interface/share/ament_index/resource_index/packages/fc_custom_interface
[3.549s] -- Installing: /home/aashish/Documents/FC/Python-tutorial/OOPS/src/install/fc_custom_interface/share/fc_custom_interface/cmake/fc_custom_interface__rosidl_generator_cExport.cmake
[3.549s] -- Installing: /home/aashish/Documents/FC/Python-tutorial/OOPS/src/install/fc_custom_interface/share/fc_custom_interface/cmake/fc_custom_interface__rosidl_generator_cExport-noconfig.cmake
[3.549s] -- Installing: /home/aashish/Documents/FC/Python-tutorial/OOPS/src/install/fc_custom_interface/share/fc_custom_interface/cmake/fc_custom_interface__rosidl_typesupport_introspection_cExport.cmake
[3.549s] -- Installing: /home/aashish/Documents/FC/Python-tutorial/OOPS/src/install/fc_custom_interface/share/fc_custom_interface/cmake/fc_custom_interface__rosidl_typesupport_introspection_cExport-noconfig.cmake
[3.549s] -- Installing: /home/aashish/Documents/FC/Python-tutorial/OOPS/src/install/fc_custom_interface/share/fc_custom_interface/cmake/fc_custom_interface__rosidl_typesupport_cExport.cmake
[3.549s] -- Installing: /home/aashish/Documents/FC/Python-tutorial/OOPS/src/install/fc_custom_interface/share/fc_custom_interface/cmake/fc_custom_interface__rosidl_typesupport_cExport-noconfig.cmake
[3.549s] -- Installing: /home/aashish/Documents/FC/Python-tutorial/OOPS/src/install/fc_custom_interface/share/fc_custom_interface/cmake/fc_custom_interface__rosidl_generator_cppExport.cmake
[3.550s] -- Installing: /home/aashish/Documents/FC/Python-tutorial/OOPS/src/install/fc_custom_interface/share/fc_custom_interface/cmake/fc_custom_interface__rosidl_typesupport_introspection_cppExport.cmake
[3.550s] -- Installing: /home/aashish/Documents/FC/Python-tutorial/OOPS/src/install/fc_custom_interface/share/fc_custom_interface/cmake/fc_custom_interface__rosidl_typesupport_introspection_cppExport-noconfig.cmake
[3.550s] -- Installing: /home/aashish/Documents/FC/Python-tutorial/OOPS/src/install/fc_custom_interface/share/fc_custom_interface/cmake/fc_custom_interface__rosidl_typesupport_cppExport.cmake
[3.550s] -- Installing: /home/aashish/Documents/FC/Python-tutorial/OOPS/src/install/fc_custom_interface/share/fc_custom_interface/cmake/fc_custom_interface__rosidl_typesupport_cppExport-noconfig.cmake
[3.550s] -- Installing: /home/aashish/Documents/FC/Python-tutorial/OOPS/src/install/fc_custom_interface/share/fc_custom_interface/cmake/export_fc_custom_interface__rosidl_generator_pyExport.cmake
[3.550s] -- Installing: /home/aashish/Documents/FC/Python-tutorial/OOPS/src/install/fc_custom_interface/share/fc_custom_interface/cmake/export_fc_custom_interface__rosidl_generator_pyExport-noconfig.cmake
[3.550s] -- Installing: /home/aashish/Documents/FC/Python-tutorial/OOPS/src/install/fc_custom_interface/share/fc_custom_interface/cmake/rosidl_cmake-extras.cmake
[3.551s] -- Installing: /home/aashish/Documents/FC/Python-tutorial/OOPS/src/install/fc_custom_interface/share/fc_custom_interface/cmake/ament_cmake_export_dependencies-extras.cmake
[3.551s] -- Installing: /home/aashish/Documents/FC/Python-tutorial/OOPS/src/install/fc_custom_interface/share/fc_custom_interface/cmake/ament_cmake_export_libraries-extras.cmake
[3.551s] -- Installing: /home/aashish/Documents/FC/Python-tutorial/OOPS/src/install/fc_custom_interface/share/fc_custom_interface/cmake/ament_cmake_export_targets-extras.cmake
[3.551s] -- Installing: /home/aashish/Documents/FC/Python-tutorial/OOPS/src/install/fc_custom_interface/share/fc_custom_interface/cmake/ament_cmake_export_include_directories-extras.cmake
[3.551s] -- Installing: /home/aashish/Documents/FC/Python-tutorial/OOPS/src/install/fc_custom_interface/share/fc_custom_interface/cmake/rosidl_cmake_export_typesupport_libraries-extras.cmake
[3.551s] -- Installing: /home/aashish/Documents/FC/Python-tutorial/OOPS/src/install/fc_custom_interface/share/fc_custom_interface/cmake/rosidl_cmake_export_typesupport_targets-extras.cmake
[3.551s] -- Installing: /home/aashish/Documents/FC/Python-tutorial/OOPS/src/install/fc_custom_interface/share/fc_custom_interface/cmake/fc_custom_interfaceConfig.cmake
[3.551s] -- Installing: /home/aashish/Documents/FC/Python-tutorial/OOPS/src/install/fc_custom_interface/share/fc_custom_interface/cmake/fc_custom_interfaceConfig-version.cmake
[3.552s] -- Installing: /home/aashish/Documents/FC/Python-tutorial/OOPS/src/install/fc_custom_interface/share/fc_custom_interface/package.xml
[3.555s] Invoked command in '/home/aashish/Documents/FC/Python-tutorial/OOPS/src/build/fc_custom_interface' returned '0': CMAKE_PREFIX_PATH=/opt/ros/rolling /usr/bin/cmake --install /home/aashish/Documents/FC/Python-tutorial/OOPS/src/build/fc_custom_interface
