[0.015s] Invoking command in '/home/aashish/Documents/FC/Python-tutorial/OOPS/src/build/fc_custom_interface': CMAKE_PREFIX_PATH=/opt/ros/rolling /usr/bin/cmake /home/aashish/Documents/FC/Python-tutorial/OOPS/src/fc_custom_interface -DCMAKE_INSTALL_PREFIX=/home/aashish/Documents/FC/Python-tutorial/OOPS/src/install/fc_custom_interface
[0.094s] -- The C compiler identification is GNU 9.4.0
[0.156s] -- The CXX compiler identification is GNU 9.4.0
[0.163s] -- Check for working C compiler: /usr/bin/cc
[0.223s] -- Check for working C compiler: /usr/bin/cc -- works
[0.224s] -- Detecting C compiler ABI info
[0.284s] -- Detecting C compiler ABI info - done
[0.300s] -- Detecting C compile features
[0.301s] -- Detecting C compile features - done
[0.306s] -- Check for working CXX compiler: /usr/bin/c++
[0.396s] -- Check for working CXX compiler: /usr/bin/c++ -- works
[0.398s] -- Detecting CXX compiler ABI info
[0.494s] -- Detecting CXX compiler ABI info - done
[0.511s] -- Detecting CXX compile features
[0.512s] -- Detecting CXX compile features - done
[0.517s] -- Found ament_cmake: 1.2.1 (/opt/ros/rolling/share/ament_cmake/cmake)
[0.709s] -- Found Python3: /usr/bin/python3.8 (found version "3.8.10") found components: Interpreter 
[0.810s] -- Found rosidl_default_generators: 1.1.1 (/opt/ros/rolling/share/rosidl_default_generators/cmake)
[0.817s] -- Using all available rosidl_typesupport_c: rosidl_typesupport_fastrtps_c;rosidl_typesupport_introspection_c
[0.827s] -- Found rosidl_adapter: 3.0.1 (/opt/ros/rolling/share/rosidl_adapter/cmake)
[0.892s] -- Using all available rosidl_typesupport_cpp: rosidl_typesupport_fastrtps_cpp;rosidl_typesupport_introspection_cpp
[1.090s] CMake Error at /opt/ros/rolling/share/rosidl_adapter/cmake/rosidl_adapt_interfaces.cmake:59 (message):
[1.090s]   execute_process(/usr/bin/python3.8 -m rosidl_adapter --package-name
[1.090s]   fc_custom_interface --arguments-file
[1.090s]   /home/aashish/Documents/FC/Python-tutorial/OOPS/src/build/fc_custom_interface/rosidl_adapter__arguments__fc_custom_interface.json
[1.090s]   --output-dir
[1.090s]   /home/aashish/Documents/FC/Python-tutorial/OOPS/src/build/fc_custom_interface/rosidl_adapter/fc_custom_interface
[1.090s]   --output-file
[1.090s]   /home/aashish/Documents/FC/Python-tutorial/OOPS/src/build/fc_custom_interface/rosidl_adapter/fc_custom_interface.idls)
[1.090s]   returned error code 1:
[1.090s] 
[1.090s]   Traceback (most recent call last):
[1.091s] 
[1.091s]     File "/usr/lib/python3.8/runpy.py", line 194, in _run_module_as_main
[1.091s]       return _run_code(code, main_globals, None,
[1.091s]     File "/usr/lib/python3.8/runpy.py", line 87, in _run_code
[1.091s]       exec(code, run_globals)
[1.091s]     File "/opt/ros/rolling/lib/python3.8/site-packages/rosidl_adapter/__main__.py", line 19, in <module>
[1.091s]       sys.exit(main())
[1.091s]     File "/opt/ros/rolling/lib/python3.8/site-packages/rosidl_adapter/main.py", line 53, in main
[1.091s]       abs_idl_file = convert_to_idl(
[1.091s]     File "/opt/ros/rolling/lib/python3.8/site-packages/rosidl_adapter/__init__.py", line 19, in convert_to_idl
[1.091s]       return convert_msg_to_idl(
[1.091s]     File "/opt/ros/rolling/lib/python3.8/site-packages/rosidl_adapter/msg/__init__.py", line 28, in convert_msg_to_idl
[1.092s]       msg = parse_message_string(package_name, input_file.stem, content)
[1.092s]     File "/opt/ros/rolling/lib/python3.8/site-packages/rosidl_adapter/parser.py", line 544, in parse_message_string
[1.092s]       msg = MessageSpecification(pkg_name, msg_name, fields, constants)
[1.092s]     File "/opt/ros/rolling/lib/python3.8/site-packages/rosidl_adapter/parser.py", line 388, in __init__
[1.092s]       self.base_type = BaseType(
[1.092s]     File "/opt/ros/rolling/lib/python3.8/site-packages/rosidl_adapter/parser.py", line 205, in __init__
[1.092s]       raise InvalidResourceName(
[1.092s] 
[1.092s]   rosidl_adapter.parser.InvalidResourceName: 'custom_message' is an invalid
[1.092s]   message name.  It should have the pattern '^[A-Z][A-Za-z0-9]*$'
[1.092s] 
[1.092s] Call Stack (most recent call first):
[1.092s]   /opt/ros/rolling/share/rosidl_cmake/cmake/rosidl_generate_interfaces.cmake:130 (rosidl_adapt_interfaces)
[1.092s]   CMakeLists.txt:15 (rosidl_generate_interfaces)
[1.093s] 
[1.093s] 
[1.093s] -- Configuring incomplete, errors occurred!
[1.093s] See also "/home/aashish/Documents/FC/Python-tutorial/OOPS/src/build/fc_custom_interface/CMakeFiles/CMakeOutput.log".
[1.095s] Invoked command in '/home/aashish/Documents/FC/Python-tutorial/OOPS/src/build/fc_custom_interface' returned '1': CMAKE_PREFIX_PATH=/opt/ros/rolling /usr/bin/cmake /home/aashish/Documents/FC/Python-tutorial/OOPS/src/fc_custom_interface -DCMAKE_INSTALL_PREFIX=/home/aashish/Documents/FC/Python-tutorial/OOPS/src/install/fc_custom_interface
